{"/Users/agm/Documents/Github/notebooklm-sdk/src/auth.ts": {"path":"/Users/agm/Documents/Github/notebooklm-sdk/src/auth.ts","statementMap":{"0":{"start":{"line":22,"column":2},"end":{"line":28,"column":null}},"1":{"start":{"line":23,"column":4},"end":{"line":23,"column":null}},"2":{"start":{"line":25,"column":4},"end":{"line":28,"column":null}},"3":{"start":{"line":30,"column":2},"end":{"line":30,"column":null}},"4":{"start":{"line":37,"column":2},"end":{"line":37,"column":null}},"5":{"start":{"line":42,"column":2},"end":{"line":42,"column":null}},"6":{"start":{"line":47,"column":25},"end":{"line":47,"column":27}},"7":{"start":{"line":48,"column":2},"end":{"line":53,"column":null}},"8":{"start":{"line":49,"column":16},"end":{"line":49,"column":33}},"9":{"start":{"line":50,"column":4},"end":{"line":53,"column":null}},"10":{"start":{"line":51,"column":19},"end":{"line":51,"column":44}},"11":{"start":{"line":52,"column":20},"end":{"line":52,"column":46}},"12":{"start":{"line":53,"column":6},"end":{"line":53,"column":null}},"13":{"start":{"line":53,"column":16},"end":{"line":53,"column":null}},"14":{"start":{"line":56,"column":2},"end":{"line":56,"column":null}},"15":{"start":{"line":62,"column":29},"end":{"line":62,"column":31}},"16":{"start":{"line":63,"column":46},"end":{"line":63,"column":48}},"17":{"start":{"line":65,"column":2},"end":{"line":72,"column":null}},"18":{"start":{"line":66,"column":36},"end":{"line":66,"column":null}},"19":{"start":{"line":67,"column":4},"end":{"line":67,"column":null}},"20":{"start":{"line":67,"column":43},"end":{"line":67,"column":null}},"21":{"start":{"line":69,"column":19},"end":{"line":69,"column":null}},"22":{"start":{"line":70,"column":4},"end":{"line":72,"column":null}},"23":{"start":{"line":71,"column":6},"end":{"line":71,"column":null}},"24":{"start":{"line":72,"column":6},"end":{"line":72,"column":null}},"25":{"start":{"line":76,"column":2},"end":{"line":80,"column":null}},"26":{"start":{"line":77,"column":4},"end":{"line":80,"column":null}},"27":{"start":{"line":82,"column":2},"end":{"line":82,"column":null}},"28":{"start":{"line":86,"column":2},"end":{"line":91,"column":null}},"29":{"start":{"line":91,"column":4},"end":{"line":91,"column":null}},"30":{"start":{"line":93,"column":2},"end":{"line":94,"column":null}},"31":{"start":{"line":94,"column":4},"end":{"line":94,"column":null}},"32":{"start":{"line":96,"column":2},"end":{"line":96,"column":null}},"33":{"start":{"line":100,"column":2},"end":{"line":102,"column":null}},"34":{"start":{"line":101,"column":21},"end":{"line":101,"column":33}},"35":{"start":{"line":109,"column":23},"end":{"line":109,"column":null}},"36":{"start":{"line":114,"column":23},"end":{"line":114,"column":49}},"37":{"start":{"line":116,"column":19},"end":{"line":119,"column":4}},"38":{"start":{"line":121,"column":2},"end":{"line":124,"column":null}},"39":{"start":{"line":122,"column":4},"end":{"line":124,"column":null}},"40":{"start":{"line":127,"column":19},"end":{"line":127,"column":null}},"41":{"start":{"line":128,"column":2},"end":{"line":131,"column":null}},"42":{"start":{"line":129,"column":4},"end":{"line":131,"column":null}},"43":{"start":{"line":134,"column":15},"end":{"line":134,"column":36}},"44":{"start":{"line":135,"column":20},"end":{"line":135,"column":52}},"45":{"start":{"line":136,"column":20},"end":{"line":136,"column":52}},"46":{"start":{"line":138,"column":2},"end":{"line":138,"column":null}},"47":{"start":{"line":142,"column":16},"end":{"line":142,"column":53}},"48":{"start":{"line":143,"column":2},"end":{"line":147,"column":null}},"49":{"start":{"line":144,"column":4},"end":{"line":145,"column":null}},"50":{"start":{"line":145,"column":6},"end":{"line":145,"column":null}},"51":{"start":{"line":147,"column":4},"end":{"line":147,"column":null}},"52":{"start":{"line":149,"column":2},"end":{"line":149,"column":null}},"53":{"start":{"line":153,"column":16},"end":{"line":153,"column":53}},"54":{"start":{"line":154,"column":2},"end":{"line":158,"column":null}},"55":{"start":{"line":155,"column":4},"end":{"line":156,"column":null}},"56":{"start":{"line":156,"column":6},"end":{"line":156,"column":null}},"57":{"start":{"line":158,"column":4},"end":{"line":158,"column":null}},"58":{"start":{"line":160,"column":2},"end":{"line":160,"column":null}},"59":{"start":{"line":164,"column":2},"end":{"line":164,"column":null}},"60":{"start":{"line":183,"column":2},"end":{"line":203,"column":null}},"61":{"start":{"line":184,"column":4},"end":{"line":184,"column":null}},"62":{"start":{"line":185,"column":13},"end":{"line":203,"column":null}},"63":{"start":{"line":186,"column":4},"end":{"line":186,"column":null}},"64":{"start":{"line":187,"column":13},"end":{"line":203,"column":null}},"65":{"start":{"line":188,"column":4},"end":{"line":193,"column":null}},"66":{"start":{"line":189,"column":6},"end":{"line":191,"column":null}},"67":{"start":{"line":193,"column":6},"end":{"line":193,"column":null}},"68":{"start":{"line":197,"column":23},"end":{"line":197,"column":null}},"69":{"start":{"line":198,"column":4},"end":{"line":203,"column":null}},"70":{"start":{"line":199,"column":6},"end":{"line":199,"column":null}},"71":{"start":{"line":201,"column":6},"end":{"line":203,"column":null}},"72":{"start":{"line":207,"column":35},"end":{"line":207,"column":63}},"73":{"start":{"line":209,"column":2},"end":{"line":214,"column":null}}},"fnMap":{"0":{"name":"loadCookiesFromFile","decl":{"start":{"line":20,"column":16},"end":{"line":20,"column":36}},"loc":{"start":{"line":20,"column":65},"end":{"line":30,"column":null}},"line":20},"1":{"name":"loadCookiesFromObject","decl":{"start":{"line":34,"column":16},"end":{"line":34,"column":38}},"loc":{"start":{"line":36,"column":14},"end":{"line":37,"column":null}},"line":36},"2":{"name":"loadCookiesFromMap","decl":{"start":{"line":41,"column":16},"end":{"line":41,"column":35}},"loc":{"start":{"line":41,"column":62},"end":{"line":42,"column":null}},"line":41},"3":{"name":"loadCookiesFromString","decl":{"start":{"line":46,"column":16},"end":{"line":46,"column":38}},"loc":{"start":{"line":46,"column":68},"end":{"line":56,"column":null}},"line":46},"4":{"name":"extractCookiesFromStorageState","decl":{"start":{"line":59,"column":9},"end":{"line":59,"column":40}},"loc":{"start":{"line":61,"column":14},"end":{"line":82,"column":null}},"line":61},"5":{"name":"isAllowedDomain","decl":{"start":{"line":85,"column":9},"end":{"line":85,"column":25}},"loc":{"start":{"line":85,"column":50},"end":{"line":96,"column":null}},"line":85},"6":{"name":"buildCookieHeader","decl":{"start":{"line":99,"column":16},"end":{"line":99,"column":34}},"loc":{"start":{"line":99,"column":62},"end":{"line":102,"column":null}},"line":99},"7":{"name":"(anonymous_7)","decl":{"start":{"line":101,"column":5},"end":{"line":101,"column":10}},"loc":{"start":{"line":101,"column":21},"end":{"line":101,"column":33}},"line":101},"8":{"name":"fetchTokens","decl":{"start":{"line":111,"column":22},"end":{"line":111,"column":null}},"loc":{"start":{"line":113,"column":53},"end":{"line":138,"column":null}},"line":113},"9":{"name":"extractCsrfToken","decl":{"start":{"line":141,"column":9},"end":{"line":141,"column":26}},"loc":{"start":{"line":141,"column":66},"end":{"line":149,"column":null}},"line":141},"10":{"name":"extractSessionId","decl":{"start":{"line":152,"column":9},"end":{"line":152,"column":26}},"loc":{"start":{"line":152,"column":66},"end":{"line":160,"column":null}},"line":152},"11":{"name":"isGoogleAuthRedirect","decl":{"start":{"line":163,"column":9},"end":{"line":163,"column":30}},"loc":{"start":{"line":163,"column":52},"end":{"line":164,"column":null}},"line":163},"12":{"name":"connect","decl":{"start":{"line":180,"column":22},"end":{"line":180,"column":30}},"loc":{"start":{"line":180,"column":73},"end":{"line":214,"column":null}},"line":180}},"branchMap":{"0":{"loc":{"start":{"line":50,"column":4},"end":{"line":53,"column":null}},"type":"if","locations":[{"start":{"line":50,"column":4},"end":{"line":53,"column":null}},{"start":{},"end":{}}],"line":50},"1":{"loc":{"start":{"line":53,"column":6},"end":{"line":53,"column":null}},"type":"if","locations":[{"start":{"line":53,"column":6},"end":{"line":53,"column":null}},{"start":{},"end":{}}],"line":53},"2":{"loc":{"start":{"line":65,"column":23},"end":{"line":65,"column":49}},"type":"binary-expr","locations":[{"start":{"line":65,"column":23},"end":{"line":65,"column":47}},{"start":{"line":65,"column":47},"end":{"line":65,"column":49}}],"line":65},"3":{"loc":{"start":{"line":67,"column":4},"end":{"line":67,"column":null}},"type":"if","locations":[{"start":{"line":67,"column":4},"end":{"line":67,"column":null}},{"start":{},"end":{}}],"line":67},"4":{"loc":{"start":{"line":67,"column":8},"end":{"line":67,"column":43}},"type":"binary-expr","locations":[{"start":{"line":67,"column":8},"end":{"line":67,"column":32}},{"start":{"line":67,"column":36},"end":{"line":67,"column":43}}],"line":67},"5":{"loc":{"start":{"line":70,"column":4},"end":{"line":72,"column":null}},"type":"if","locations":[{"start":{"line":70,"column":4},"end":{"line":72,"column":null}},{"start":{},"end":{}}],"line":70},"6":{"loc":{"start":{"line":70,"column":8},"end":{"line":70,"column":38}},"type":"binary-expr","locations":[{"start":{"line":70,"column":8},"end":{"line":70,"column":30}},{"start":{"line":70,"column":30},"end":{"line":70,"column":38}}],"line":70},"7":{"loc":{"start":{"line":76,"column":2},"end":{"line":80,"column":null}},"type":"if","locations":[{"start":{"line":76,"column":2},"end":{"line":80,"column":null}},{"start":{},"end":{}}],"line":76},"8":{"loc":{"start":{"line":86,"column":2},"end":{"line":91,"column":null}},"type":"if","locations":[{"start":{"line":86,"column":2},"end":{"line":91,"column":null}},{"start":{},"end":{}}],"line":86},"9":{"loc":{"start":{"line":87,"column":4},"end":{"line":89,"column":null}},"type":"binary-expr","locations":[{"start":{"line":87,"column":4},"end":{"line":87,"column":null}},{"start":{"line":88,"column":4},"end":{"line":88,"column":null}},{"start":{"line":89,"column":4},"end":{"line":89,"column":null}}],"line":87},"10":{"loc":{"start":{"line":93,"column":2},"end":{"line":94,"column":null}},"type":"if","locations":[{"start":{"line":93,"column":2},"end":{"line":94,"column":null}},{"start":{},"end":{}}],"line":93},"11":{"loc":{"start":{"line":121,"column":2},"end":{"line":124,"column":null}},"type":"if","locations":[{"start":{"line":121,"column":2},"end":{"line":124,"column":null}},{"start":{},"end":{}}],"line":121},"12":{"loc":{"start":{"line":128,"column":2},"end":{"line":131,"column":null}},"type":"if","locations":[{"start":{"line":128,"column":2},"end":{"line":131,"column":null}},{"start":{},"end":{}}],"line":128},"13":{"loc":{"start":{"line":143,"column":2},"end":{"line":147,"column":null}},"type":"if","locations":[{"start":{"line":143,"column":2},"end":{"line":147,"column":null}},{"start":{},"end":{}}],"line":143},"14":{"loc":{"start":{"line":144,"column":4},"end":{"line":145,"column":null}},"type":"if","locations":[{"start":{"line":144,"column":4},"end":{"line":145,"column":null}},{"start":{},"end":{}}],"line":144},"15":{"loc":{"start":{"line":144,"column":8},"end":{"line":144,"column":78}},"type":"binary-expr","locations":[{"start":{"line":144,"column":8},"end":{"line":144,"column":38}},{"start":{"line":144,"column":42},"end":{"line":144,"column":78}}],"line":144},"16":{"loc":{"start":{"line":154,"column":2},"end":{"line":158,"column":null}},"type":"if","locations":[{"start":{"line":154,"column":2},"end":{"line":158,"column":null}},{"start":{},"end":{}}],"line":154},"17":{"loc":{"start":{"line":155,"column":4},"end":{"line":156,"column":null}},"type":"if","locations":[{"start":{"line":155,"column":4},"end":{"line":156,"column":null}},{"start":{},"end":{}}],"line":155},"18":{"loc":{"start":{"line":155,"column":8},"end":{"line":155,"column":78}},"type":"binary-expr","locations":[{"start":{"line":155,"column":8},"end":{"line":155,"column":38}},{"start":{"line":155,"column":42},"end":{"line":155,"column":78}}],"line":155},"19":{"loc":{"start":{"line":164,"column":9},"end":{"line":164,"column":70}},"type":"binary-expr","locations":[{"start":{"line":164,"column":9},"end":{"line":164,"column":44}},{"start":{"line":164,"column":48},"end":{"line":164,"column":70}}],"line":164},"20":{"loc":{"start":{"line":183,"column":2},"end":{"line":203,"column":null}},"type":"if","locations":[{"start":{"line":183,"column":2},"end":{"line":203,"column":null}},{"start":{"line":185,"column":13},"end":{"line":203,"column":null}}],"line":183},"21":{"loc":{"start":{"line":185,"column":13},"end":{"line":203,"column":null}},"type":"if","locations":[{"start":{"line":185,"column":13},"end":{"line":203,"column":null}},{"start":{"line":187,"column":13},"end":{"line":203,"column":null}}],"line":185},"22":{"loc":{"start":{"line":187,"column":13},"end":{"line":203,"column":null}},"type":"if","locations":[{"start":{"line":187,"column":13},"end":{"line":203,"column":null}},{"start":{"line":195,"column":9},"end":{"line":203,"column":null}}],"line":187},"23":{"loc":{"start":{"line":188,"column":4},"end":{"line":193,"column":null}},"type":"if","locations":[{"start":{"line":188,"column":4},"end":{"line":193,"column":null}},{"start":{"line":192,"column":11},"end":{"line":193,"column":null}}],"line":188},"24":{"loc":{"start":{"line":188,"column":8},"end":{"line":188,"column":84}},"type":"binary-expr","locations":[{"start":{"line":188,"column":8},"end":{"line":188,"column":43}},{"start":{"line":188,"column":43},"end":{"line":188,"column":84}}],"line":188},"25":{"loc":{"start":{"line":198,"column":4},"end":{"line":203,"column":null}},"type":"if","locations":[{"start":{"line":198,"column":4},"end":{"line":203,"column":null}},{"start":{"line":200,"column":11},"end":{"line":203,"column":null}}],"line":198}},"s":{"0":0,"1":0,"2":0,"3":0,"4":5,"5":0,"6":2,"7":2,"8":5,"9":5,"10":5,"11":5,"12":5,"13":5,"14":2,"15":5,"16":5,"17":5,"18":8,"19":8,"20":1,"21":7,"22":7,"23":7,"24":7,"25":5,"26":1,"27":4,"28":8,"29":5,"30":3,"31":2,"32":1,"33":1,"34":2,"35":2,"36":0,"37":0,"38":0,"39":0,"40":0,"41":0,"42":0,"43":0,"44":0,"45":0,"46":0,"47":0,"48":0,"49":0,"50":0,"51":0,"52":0,"53":0,"54":0,"55":0,"56":0,"57":0,"58":0,"59":0,"60":0,"61":0,"62":0,"63":0,"64":0,"65":0,"66":0,"67":0,"68":0,"69":0,"70":0,"71":0,"72":0,"73":0},"f":{"0":0,"1":5,"2":0,"3":2,"4":5,"5":8,"6":1,"7":2,"8":0,"9":0,"10":0,"11":0,"12":0},"b":{"0":[5,0],"1":[5,0],"2":[5,0],"3":[1,7],"4":[8,7],"5":[7,0],"6":[7,1],"7":[1,4],"8":[5,3],"9":[8,3,3],"10":[2,1],"11":[0,0],"12":[0,0],"13":[0,0],"14":[0,0],"15":[0,0],"16":[0,0],"17":[0,0],"18":[0,0],"19":[0,0],"20":[0,0],"21":[0,0],"22":[0,0],"23":[0,0],"24":[0,0],"25":[0,0]},"meta":{"lastBranch":26,"lastFunction":13,"lastStatement":74,"seen":{"f:20:16:20:36":0,"s:22:2:28:Infinity":0,"s:23:4:23:Infinity":1,"s:25:4:28:Infinity":2,"s:30:2:30:Infinity":3,"f:34:16:34:38":1,"s:37:2:37:Infinity":4,"f:41:16:41:35":2,"s:42:2:42:Infinity":5,"f:46:16:46:38":3,"s:47:25:47:27":6,"s:48:2:53:Infinity":7,"s:49:16:49:33":8,"b:50:4:53:Infinity:undefined:undefined:undefined:undefined":0,"s:50:4:53:Infinity":9,"s:51:19:51:44":10,"s:52:20:52:46":11,"b:53:6:53:Infinity:undefined:undefined:undefined:undefined":1,"s:53:6:53:Infinity":12,"s:53:16:53:Infinity":13,"s:56:2:56:Infinity":14,"f:59:9:59:40":4,"s:62:29:62:31":15,"s:63:46:63:48":16,"s:65:2:72:Infinity":17,"b:65:23:65:47:65:47:65:49":2,"s:66:36:66:Infinity":18,"b:67:4:67:Infinity:undefined:undefined:undefined:undefined":3,"s:67:4:67:Infinity":19,"b:67:8:67:32:67:36:67:43":4,"s:67:43:67:Infinity":20,"s:69:19:69:Infinity":21,"b:70:4:72:Infinity:undefined:undefined:undefined:undefined":5,"s:70:4:72:Infinity":22,"b:70:8:70:30:70:30:70:38":6,"s:71:6:71:Infinity":23,"s:72:6:72:Infinity":24,"b:76:2:80:Infinity:undefined:undefined:undefined:undefined":7,"s:76:2:80:Infinity":25,"s:77:4:80:Infinity":26,"s:82:2:82:Infinity":27,"f:85:9:85:25":5,"b:86:2:91:Infinity:undefined:undefined:undefined:undefined":8,"s:86:2:91:Infinity":28,"b:87:4:87:Infinity:88:4:88:Infinity:89:4:89:Infinity":9,"s:91:4:91:Infinity":29,"b:93:2:94:Infinity:undefined:undefined:undefined:undefined":10,"s:93:2:94:Infinity":30,"s:94:4:94:Infinity":31,"s:96:2:96:Infinity":32,"f:99:16:99:34":6,"s:100:2:102:Infinity":33,"f:101:5:101:10":7,"s:101:21:101:33":34,"s:109:23:109:Infinity":35,"f:111:22:111:Infinity":8,"s:114:23:114:49":36,"s:116:19:119:4":37,"b:121:2:124:Infinity:undefined:undefined:undefined:undefined":11,"s:121:2:124:Infinity":38,"s:122:4:124:Infinity":39,"s:127:19:127:Infinity":40,"b:128:2:131:Infinity:undefined:undefined:undefined:undefined":12,"s:128:2:131:Infinity":41,"s:129:4:131:Infinity":42,"s:134:15:134:36":43,"s:135:20:135:52":44,"s:136:20:136:52":45,"s:138:2:138:Infinity":46,"f:141:9:141:26":9,"s:142:16:142:53":47,"b:143:2:147:Infinity:undefined:undefined:undefined:undefined":13,"s:143:2:147:Infinity":48,"b:144:4:145:Infinity:undefined:undefined:undefined:undefined":14,"s:144:4:145:Infinity":49,"b:144:8:144:38:144:42:144:78":15,"s:145:6:145:Infinity":50,"s:147:4:147:Infinity":51,"s:149:2:149:Infinity":52,"f:152:9:152:26":10,"s:153:16:153:53":53,"b:154:2:158:Infinity:undefined:undefined:undefined:undefined":16,"s:154:2:158:Infinity":54,"b:155:4:156:Infinity:undefined:undefined:undefined:undefined":17,"s:155:4:156:Infinity":55,"b:155:8:155:38:155:42:155:78":18,"s:156:6:156:Infinity":56,"s:158:4:158:Infinity":57,"s:160:2:160:Infinity":58,"f:163:9:163:30":11,"s:164:2:164:Infinity":59,"b:164:9:164:44:164:48:164:70":19,"f:180:22:180:30":12,"b:183:2:203:Infinity:185:13:203:Infinity":20,"s:183:2:203:Infinity":60,"s:184:4:184:Infinity":61,"b:185:13:203:Infinity:187:13:203:Infinity":21,"s:185:13:203:Infinity":62,"s:186:4:186:Infinity":63,"b:187:13:203:Infinity:195:9:203:Infinity":22,"s:187:13:203:Infinity":64,"b:188:4:193:Infinity:192:11:193:Infinity":23,"s:188:4:193:Infinity":65,"b:188:8:188:43:188:43:188:84":24,"s:189:6:191:Infinity":66,"s:193:6:193:Infinity":67,"s:197:23:197:Infinity":68,"b:198:4:203:Infinity:200:11:203:Infinity":25,"s:198:4:203:Infinity":69,"s:199:6:199:Infinity":70,"s:201:6:203:Infinity":71,"s:207:35:207:63":72,"s:209:2:214:Infinity":73}}}
,"/Users/agm/Documents/Github/notebooklm-sdk/src/client.ts": {"path":"/Users/agm/Documents/Github/notebooklm-sdk/src/client.ts","statementMap":{"0":{"start":{"line":34,"column":21},"end":{"line":34,"column":null}},"1":{"start":{"line":37,"column":16},"end":{"line":37,"column":49}},"2":{"start":{"line":38,"column":4},"end":{"line":38,"column":null}},"3":{"start":{"line":39,"column":4},"end":{"line":39,"column":null}},"4":{"start":{"line":40,"column":4},"end":{"line":40,"column":null}},"5":{"start":{"line":41,"column":4},"end":{"line":41,"column":null}},"6":{"start":{"line":42,"column":4},"end":{"line":42,"column":null}},"7":{"start":{"line":53,"column":17},"end":{"line":53,"column":36}},"8":{"start":{"line":54,"column":4},"end":{"line":54,"column":null}},"9":{"start":{"line":61,"column":28},"end":{"line":61,"column":null}},"10":{"start":{"line":62,"column":37},"end":{"line":62,"column":73}},"11":{"start":{"line":63,"column":5},"end":{"line":63,"column":null}},"12":{"start":{"line":64,"column":5},"end":{"line":64,"column":null}}},"fnMap":{"0":{"name":"(anonymous_0)","decl":{"start":{"line":33,"column":2},"end":{"line":33,"column":10}},"loc":{"start":{"line":36,"column":4},"end":{"line":42,"column":null}},"line":36},"1":{"name":"(anonymous_1)","decl":{"start":{"line":49,"column":15},"end":{"line":49,"column":null}},"loc":{"start":{"line":52,"column":31},"end":{"line":54,"column":null}},"line":52},"2":{"name":"(anonymous_2)","decl":{"start":{"line":60,"column":8},"end":{"line":60,"column":39}},"loc":{"start":{"line":60,"column":39},"end":{"line":64,"column":null}},"line":60}},"branchMap":{"0":{"loc":{"start":{"line":35,"column":4},"end":{"line":35,"column":28}},"type":"default-arg","locations":[{"start":{"line":35,"column":26},"end":{"line":35,"column":28}}],"line":35},"1":{"loc":{"start":{"line":51,"column":4},"end":{"line":51,"column":34}},"type":"default-arg","locations":[{"start":{"line":51,"column":32},"end":{"line":51,"column":34}}],"line":51}},"s":{"0":0,"1":0,"2":0,"3":0,"4":0,"5":0,"6":0,"7":0,"8":0,"9":0,"10":0,"11":0,"12":0},"f":{"0":0,"1":0,"2":0},"b":{"0":[0],"1":[0]},"meta":{"lastBranch":2,"lastFunction":3,"lastStatement":13,"seen":{"f:33:2:33:10":0,"b:35:26:35:28":0,"s:34:21:34:Infinity":0,"s:37:16:37:49":1,"s:38:4:38:Infinity":2,"s:39:4:39:Infinity":3,"s:40:4:40:Infinity":4,"s:41:4:41:Infinity":5,"s:42:4:42:Infinity":6,"f:49:15:49:Infinity":1,"b:51:32:51:34":1,"s:53:17:53:36":7,"s:54:4:54:Infinity":8,"f:60:8:60:39":2,"s:61:28:61:Infinity":9,"s:62:37:62:73":10,"s:63:5:63:Infinity":11,"s:64:5:64:Infinity":12}}}
,"/Users/agm/Documents/Github/notebooklm-sdk/src/index.ts": {"path":"/Users/agm/Documents/Github/notebooklm-sdk/src/index.ts","statementMap":{},"fnMap":{},"branchMap":{},"s":{},"f":{},"b":{},"meta":{"lastBranch":0,"lastFunction":0,"lastStatement":0,"seen":{}}}
,"/Users/agm/Documents/Github/notebooklm-sdk/src/api/artifacts.ts": {"path":"/Users/agm/Documents/Github/notebooklm-sdk/src/api/artifacts.ts","statementMap":{"0":{"start":{"line":78,"column":21},"end":{"line":78,"column":null}},"1":{"start":{"line":79,"column":21},"end":{"line":79,"column":null}},"2":{"start":{"line":83,"column":19},"end":{"line":83,"column":36}},"3":{"start":{"line":84,"column":19},"end":{"line":86,"column":6}},"4":{"start":{"line":88,"column":4},"end":{"line":88,"column":null}},"5":{"start":{"line":88,"column":32},"end":{"line":88,"column":null}},"6":{"start":{"line":89,"column":34},"end":{"line":89,"column":36}},"7":{"start":{"line":91,"column":4},"end":{"line":95,"column":null}},"8":{"start":{"line":92,"column":6},"end":{"line":95,"column":null}},"9":{"start":{"line":93,"column":8},"end":{"line":95,"column":null}},"10":{"start":{"line":94,"column":10},"end":{"line":94,"column":null}},"11":{"start":{"line":100,"column":4},"end":{"line":100,"column":null}},"12":{"start":{"line":104,"column":22},"end":{"line":104,"column":49}},"13":{"start":{"line":105,"column":4},"end":{"line":105,"column":null}},"14":{"start":{"line":105,"column":33},"end":{"line":105,"column":53}},"15":{"start":{"line":109,"column":19},"end":{"line":109,"column":null}},"16":{"start":{"line":110,"column":4},"end":{"line":113,"column":null}},"17":{"start":{"line":114,"column":4},"end":{"line":114,"column":null}},"18":{"start":{"line":118,"column":19},"end":{"line":118,"column":null}},"19":{"start":{"line":119,"column":4},"end":{"line":122,"column":null}},"20":{"start":{"line":123,"column":4},"end":{"line":123,"column":null}},"21":{"start":{"line":131,"column":19},"end":{"line":131,"column":null}},"22":{"start":{"line":132,"column":19},"end":{"line":132,"column":null}},"23":{"start":{"line":133,"column":22},"end":{"line":133,"column":80}},"24":{"start":{"line":135,"column":24},"end":{"line":135,"column":null}},"25":{"start":{"line":136,"column":19},"end":{"line":144,"column":null}},"26":{"start":{"line":146,"column":19},"end":{"line":148,"column":6}},"27":{"start":{"line":150,"column":4},"end":{"line":150,"column":null}},"28":{"start":{"line":154,"column":19},"end":{"line":154,"column":null}},"29":{"start":{"line":155,"column":18},"end":{"line":155,"column":null}},"30":{"start":{"line":156,"column":22},"end":{"line":156,"column":80}},"31":{"start":{"line":158,"column":24},"end":{"line":158,"column":39}},"32":{"start":{"line":159,"column":19},"end":{"line":167,"column":null}},"33":{"start":{"line":169,"column":19},"end":{"line":171,"column":6}},"34":{"start":{"line":173,"column":4},"end":{"line":173,"column":null}},"35":{"start":{"line":177,"column":21},"end":{"line":177,"column":null}},"36":{"start":{"line":178,"column":23},"end":{"line":178,"column":null}},"37":{"start":{"line":179,"column":22},"end":{"line":179,"column":80}},"38":{"start":{"line":180,"column":20},"end":{"line":180,"column":null}},"39":{"start":{"line":182,"column":23},"end":{"line":182,"column":null}},"40":{"start":{"line":183,"column":19},"end":{"line":191,"column":null}},"41":{"start":{"line":193,"column":19},"end":{"line":195,"column":6}},"42":{"start":{"line":197,"column":4},"end":{"line":197,"column":null}},"43":{"start":{"line":201,"column":21},"end":{"line":201,"column":null}},"44":{"start":{"line":202,"column":23},"end":{"line":202,"column":null}},"45":{"start":{"line":203,"column":22},"end":{"line":203,"column":80}},"46":{"start":{"line":204,"column":20},"end":{"line":204,"column":null}},"47":{"start":{"line":206,"column":19},"end":{"line":206,"column":null}},"48":{"start":{"line":207,"column":19},"end":{"line":215,"column":null}},"49":{"start":{"line":217,"column":19},"end":{"line":219,"column":6}},"50":{"start":{"line":221,"column":4},"end":{"line":221,"column":null}},"51":{"start":{"line":225,"column":24},"end":{"line":225,"column":null}},"52":{"start":{"line":226,"column":19},"end":{"line":226,"column":null}},"53":{"start":{"line":227,"column":18},"end":{"line":227,"column":null}},"54":{"start":{"line":228,"column":22},"end":{"line":228,"column":80}},"55":{"start":{"line":230,"column":19},"end":{"line":230,"column":null}},"56":{"start":{"line":231,"column":19},"end":{"line":239,"column":null}},"57":{"start":{"line":241,"column":19},"end":{"line":243,"column":6}},"58":{"start":{"line":245,"column":4},"end":{"line":245,"column":null}},"59":{"start":{"line":249,"column":19},"end":{"line":249,"column":null}},"60":{"start":{"line":250,"column":19},"end":{"line":250,"column":null}},"61":{"start":{"line":251,"column":22},"end":{"line":251,"column":80}},"62":{"start":{"line":253,"column":19},"end":{"line":253,"column":35}},"63":{"start":{"line":254,"column":19},"end":{"line":262,"column":null}},"64":{"start":{"line":264,"column":19},"end":{"line":266,"column":6}},"65":{"start":{"line":268,"column":4},"end":{"line":268,"column":null}},"66":{"start":{"line":272,"column":22},"end":{"line":272,"column":80}},"67":{"start":{"line":273,"column":19},"end":{"line":277,"column":null}},"68":{"start":{"line":279,"column":19},"end":{"line":287,"column":null}},"69":{"start":{"line":289,"column":19},"end":{"line":291,"column":6}},"70":{"start":{"line":293,"column":4},"end":{"line":293,"column":null}},"71":{"start":{"line":297,"column":16},"end":{"line":297,"column":69}},"72":{"start":{"line":298,"column":19},"end":{"line":298,"column":null}},"73":{"start":{"line":300,"column":19},"end":{"line":302,"column":6}},"74":{"start":{"line":304,"column":4},"end":{"line":304,"column":null}},"75":{"start":{"line":314,"column":21},"end":{"line":314,"column":null}},"76":{"start":{"line":316,"column":4},"end":{"line":325,"column":null}},"77":{"start":{"line":317,"column":23},"end":{"line":317,"column":61}},"78":{"start":{"line":318,"column":6},"end":{"line":318,"column":null}},"79":{"start":{"line":318,"column":44},"end":{"line":318,"column":null}},"80":{"start":{"line":319,"column":6},"end":{"line":323,"column":null}},"81":{"start":{"line":320,"column":8},"end":{"line":323,"column":null}},"82":{"start":{"line":325,"column":6},"end":{"line":325,"column":null}},"83":{"start":{"line":328,"column":4},"end":{"line":328,"column":null}},"84":{"start":{"line":333,"column":21},"end":{"line":333,"column":59}},"85":{"start":{"line":334,"column":4},"end":{"line":335,"column":null}},"86":{"start":{"line":335,"column":6},"end":{"line":335,"column":null}},"87":{"start":{"line":337,"column":4},"end":{"line":338,"column":null}},"88":{"start":{"line":338,"column":6},"end":{"line":338,"column":null}},"89":{"start":{"line":341,"column":21},"end":{"line":343,"column":6}},"90":{"start":{"line":344,"column":4},"end":{"line":345,"column":null}},"91":{"start":{"line":345,"column":6},"end":{"line":345,"column":null}},"92":{"start":{"line":348,"column":24},"end":{"line":348,"column":52}},"93":{"start":{"line":349,"column":4},"end":{"line":349,"column":null}},"94":{"start":{"line":354,"column":19},"end":{"line":354,"column":null}},"95":{"start":{"line":355,"column":19},"end":{"line":357,"column":6}},"96":{"start":{"line":358,"column":4},"end":{"line":358,"column":null}},"97":{"start":{"line":358,"column":36},"end":{"line":358,"column":null}},"98":{"start":{"line":359,"column":4},"end":{"line":359,"column":null}},"99":{"start":{"line":359,"column":64},"end":{"line":359,"column":null}},"100":{"start":{"line":360,"column":4},"end":{"line":360,"column":null}},"101":{"start":{"line":364,"column":4},"end":{"line":369,"column":null}},"102":{"start":{"line":365,"column":20},"end":{"line":365,"column":null}},"103":{"start":{"line":366,"column":6},"end":{"line":367,"column":null}},"104":{"start":{"line":367,"column":8},"end":{"line":367,"column":null}},"105":{"start":{"line":369,"column":6},"end":{"line":369,"column":null}},"106":{"start":{"line":371,"column":4},"end":{"line":371,"column":null}},"107":{"start":{"line":376,"column":2},"end":{"line":376,"column":null}},"108":{"start":{"line":376,"column":34},"end":{"line":376,"column":57}}},"fnMap":{"0":{"name":"(anonymous_0)","decl":{"start":{"line":77,"column":2},"end":{"line":77,"column":null}},"loc":{"start":{"line":80,"column":4},"end":{"line":79,"column":null}},"line":80},"1":{"name":"(anonymous_1)","decl":{"start":{"line":82,"column":8},"end":{"line":82,"column":13}},"loc":{"start":{"line":82,"column":54},"end":{"line":100,"column":null}},"line":82},"2":{"name":"(anonymous_2)","decl":{"start":{"line":103,"column":8},"end":{"line":103,"column":12}},"loc":{"start":{"line":103,"column":78},"end":{"line":105,"column":null}},"line":103},"3":{"name":"(anonymous_3)","decl":{"start":{"line":105,"column":21},"end":{"line":105,"column":27}},"loc":{"start":{"line":105,"column":33},"end":{"line":105,"column":53}},"line":105},"4":{"name":"(anonymous_4)","decl":{"start":{"line":108,"column":8},"end":{"line":108,"column":15}},"loc":{"start":{"line":108,"column":73},"end":{"line":114,"column":null}},"line":108},"5":{"name":"(anonymous_5)","decl":{"start":{"line":117,"column":8},"end":{"line":117,"column":15}},"loc":{"start":{"line":117,"column":91},"end":{"line":123,"column":null}},"line":117},"6":{"name":"(anonymous_6)","decl":{"start":{"line":130,"column":8},"end":{"line":130,"column":20}},"loc":{"start":{"line":130,"column":90},"end":{"line":150,"column":null}},"line":130},"7":{"name":"(anonymous_7)","decl":{"start":{"line":153,"column":8},"end":{"line":153,"column":20}},"loc":{"start":{"line":153,"column":90},"end":{"line":173,"column":null}},"line":153},"8":{"name":"(anonymous_8)","decl":{"start":{"line":176,"column":8},"end":{"line":176,"column":19}},"loc":{"start":{"line":176,"column":88},"end":{"line":197,"column":null}},"line":176},"9":{"name":"(anonymous_9)","decl":{"start":{"line":200,"column":8},"end":{"line":200,"column":25}},"loc":{"start":{"line":200,"column":94},"end":{"line":221,"column":null}},"line":200},"10":{"name":"(anonymous_10)","decl":{"start":{"line":224,"column":8},"end":{"line":224,"column":26}},"loc":{"start":{"line":224,"column":102},"end":{"line":245,"column":null}},"line":224},"11":{"name":"(anonymous_11)","decl":{"start":{"line":248,"column":8},"end":{"line":248,"column":24}},"loc":{"start":{"line":248,"column":98},"end":{"line":268,"column":null}},"line":248},"12":{"name":"(anonymous_12)","decl":{"start":{"line":271,"column":8},"end":{"line":271,"column":21}},"loc":{"start":{"line":271,"column":92},"end":{"line":293,"column":null}},"line":271},"13":{"name":"(anonymous_13)","decl":{"start":{"line":296,"column":8},"end":{"line":296,"column":22}},"loc":{"start":{"line":296,"column":83},"end":{"line":304,"column":null}},"line":296},"14":{"name":"(anonymous_14)","decl":{"start":{"line":308,"column":8},"end":{"line":308,"column":null}},"loc":{"start":{"line":313,"column":23},"end":{"line":328,"column":null}},"line":313},"15":{"name":"(anonymous_15)","decl":{"start":{"line":332,"column":8},"end":{"line":332,"column":22}},"loc":{"start":{"line":332,"column":79},"end":{"line":349,"column":null}},"line":332},"16":{"name":"(anonymous_16)","decl":{"start":{"line":353,"column":8},"end":{"line":353,"column":27}},"loc":{"start":{"line":353,"column":84},"end":{"line":360,"column":null}},"line":353},"17":{"name":"(anonymous_17)","decl":{"start":{"line":363,"column":2},"end":{"line":363,"column":10}},"loc":{"start":{"line":363,"column":78},"end":{"line":371,"column":null}},"line":363},"18":{"name":"sleep","decl":{"start":{"line":375,"column":9},"end":{"line":375,"column":15}},"loc":{"start":{"line":375,"column":42},"end":{"line":376,"column":null}},"line":375},"19":{"name":"(anonymous_19)","decl":{"start":{"line":376,"column":13},"end":{"line":376,"column":22}},"loc":{"start":{"line":376,"column":34},"end":{"line":376,"column":57}},"line":376}},"branchMap":{"0":{"loc":{"start":{"line":88,"column":4},"end":{"line":88,"column":null}},"type":"if","locations":[{"start":{"line":88,"column":4},"end":{"line":88,"column":null}},{"start":{},"end":{}}],"line":88},"1":{"loc":{"start":{"line":92,"column":6},"end":{"line":95,"column":null}},"type":"if","locations":[{"start":{"line":92,"column":6},"end":{"line":95,"column":null}},{"start":{},"end":{}}],"line":92},"2":{"loc":{"start":{"line":105,"column":11},"end":{"line":105,"column":null}},"type":"binary-expr","locations":[{"start":{"line":105,"column":11},"end":{"line":105,"column":53}},{"start":{"line":105,"column":57},"end":{"line":105,"column":null}}],"line":105},"3":{"loc":{"start":{"line":130,"column":40},"end":{"line":130,"column":69}},"type":"default-arg","locations":[{"start":{"line":130,"column":67},"end":{"line":130,"column":69}}],"line":130},"4":{"loc":{"start":{"line":131,"column":19},"end":{"line":131,"column":null}},"type":"binary-expr","locations":[{"start":{"line":131,"column":19},"end":{"line":131,"column":34}},{"start":{"line":131,"column":34},"end":{"line":131,"column":null}}],"line":131},"5":{"loc":{"start":{"line":132,"column":19},"end":{"line":132,"column":null}},"type":"binary-expr","locations":[{"start":{"line":132,"column":19},"end":{"line":132,"column":34}},{"start":{"line":132,"column":34},"end":{"line":132,"column":null}}],"line":132},"6":{"loc":{"start":{"line":133,"column":22},"end":{"line":133,"column":80}},"type":"binary-expr","locations":[{"start":{"line":133,"column":22},"end":{"line":133,"column":41}},{"start":{"line":133,"column":41},"end":{"line":133,"column":80}}],"line":133},"7":{"loc":{"start":{"line":153,"column":40},"end":{"line":153,"column":69}},"type":"default-arg","locations":[{"start":{"line":153,"column":67},"end":{"line":153,"column":69}}],"line":153},"8":{"loc":{"start":{"line":154,"column":19},"end":{"line":154,"column":null}},"type":"binary-expr","locations":[{"start":{"line":154,"column":19},"end":{"line":154,"column":34}},{"start":{"line":154,"column":34},"end":{"line":154,"column":null}}],"line":154},"9":{"loc":{"start":{"line":155,"column":18},"end":{"line":155,"column":null}},"type":"binary-expr","locations":[{"start":{"line":155,"column":18},"end":{"line":155,"column":32}},{"start":{"line":155,"column":32},"end":{"line":155,"column":null}}],"line":155},"10":{"loc":{"start":{"line":156,"column":22},"end":{"line":156,"column":80}},"type":"binary-expr","locations":[{"start":{"line":156,"column":22},"end":{"line":156,"column":41}},{"start":{"line":156,"column":41},"end":{"line":156,"column":80}}],"line":156},"11":{"loc":{"start":{"line":176,"column":39},"end":{"line":176,"column":67}},"type":"default-arg","locations":[{"start":{"line":176,"column":65},"end":{"line":176,"column":67}}],"line":176},"12":{"loc":{"start":{"line":177,"column":21},"end":{"line":177,"column":null}},"type":"binary-expr","locations":[{"start":{"line":177,"column":21},"end":{"line":177,"column":38}},{"start":{"line":177,"column":38},"end":{"line":177,"column":null}}],"line":177},"13":{"loc":{"start":{"line":178,"column":23},"end":{"line":178,"column":null}},"type":"binary-expr","locations":[{"start":{"line":178,"column":23},"end":{"line":178,"column":42}},{"start":{"line":178,"column":42},"end":{"line":178,"column":null}}],"line":178},"14":{"loc":{"start":{"line":179,"column":22},"end":{"line":179,"column":80}},"type":"binary-expr","locations":[{"start":{"line":179,"column":22},"end":{"line":179,"column":41}},{"start":{"line":179,"column":41},"end":{"line":179,"column":80}}],"line":179},"15":{"loc":{"start":{"line":200,"column":45},"end":{"line":200,"column":73}},"type":"default-arg","locations":[{"start":{"line":200,"column":71},"end":{"line":200,"column":73}}],"line":200},"16":{"loc":{"start":{"line":201,"column":21},"end":{"line":201,"column":null}},"type":"binary-expr","locations":[{"start":{"line":201,"column":21},"end":{"line":201,"column":38}},{"start":{"line":201,"column":38},"end":{"line":201,"column":null}}],"line":201},"17":{"loc":{"start":{"line":202,"column":23},"end":{"line":202,"column":null}},"type":"binary-expr","locations":[{"start":{"line":202,"column":23},"end":{"line":202,"column":42}},{"start":{"line":202,"column":42},"end":{"line":202,"column":null}}],"line":202},"18":{"loc":{"start":{"line":203,"column":22},"end":{"line":203,"column":80}},"type":"binary-expr","locations":[{"start":{"line":203,"column":22},"end":{"line":203,"column":41}},{"start":{"line":203,"column":41},"end":{"line":203,"column":80}}],"line":203},"19":{"loc":{"start":{"line":224,"column":46},"end":{"line":224,"column":81}},"type":"default-arg","locations":[{"start":{"line":224,"column":79},"end":{"line":224,"column":81}}],"line":224},"20":{"loc":{"start":{"line":225,"column":24},"end":{"line":225,"column":null}},"type":"binary-expr","locations":[{"start":{"line":225,"column":24},"end":{"line":225,"column":44}},{"start":{"line":225,"column":44},"end":{"line":225,"column":null}}],"line":225},"21":{"loc":{"start":{"line":226,"column":19},"end":{"line":226,"column":null}},"type":"binary-expr","locations":[{"start":{"line":226,"column":19},"end":{"line":226,"column":34}},{"start":{"line":226,"column":34},"end":{"line":226,"column":null}}],"line":226},"22":{"loc":{"start":{"line":227,"column":18},"end":{"line":227,"column":null}},"type":"binary-expr","locations":[{"start":{"line":227,"column":18},"end":{"line":227,"column":32}},{"start":{"line":227,"column":32},"end":{"line":227,"column":null}}],"line":227},"23":{"loc":{"start":{"line":228,"column":22},"end":{"line":228,"column":80}},"type":"binary-expr","locations":[{"start":{"line":228,"column":22},"end":{"line":228,"column":41}},{"start":{"line":228,"column":41},"end":{"line":228,"column":80}}],"line":228},"24":{"loc":{"start":{"line":248,"column":44},"end":{"line":248,"column":77}},"type":"default-arg","locations":[{"start":{"line":248,"column":75},"end":{"line":248,"column":77}}],"line":248},"25":{"loc":{"start":{"line":249,"column":19},"end":{"line":249,"column":null}},"type":"binary-expr","locations":[{"start":{"line":249,"column":19},"end":{"line":249,"column":34}},{"start":{"line":249,"column":34},"end":{"line":249,"column":null}}],"line":249},"26":{"loc":{"start":{"line":250,"column":19},"end":{"line":250,"column":null}},"type":"binary-expr","locations":[{"start":{"line":250,"column":19},"end":{"line":250,"column":34}},{"start":{"line":250,"column":34},"end":{"line":250,"column":null}}],"line":250},"27":{"loc":{"start":{"line":251,"column":22},"end":{"line":251,"column":80}},"type":"binary-expr","locations":[{"start":{"line":251,"column":22},"end":{"line":251,"column":41}},{"start":{"line":251,"column":41},"end":{"line":251,"column":80}}],"line":251},"28":{"loc":{"start":{"line":271,"column":41},"end":{"line":271,"column":71}},"type":"default-arg","locations":[{"start":{"line":271,"column":69},"end":{"line":271,"column":71}}],"line":271},"29":{"loc":{"start":{"line":272,"column":22},"end":{"line":272,"column":80}},"type":"binary-expr","locations":[{"start":{"line":272,"column":22},"end":{"line":272,"column":41}},{"start":{"line":272,"column":41},"end":{"line":272,"column":80}}],"line":272},"30":{"loc":{"start":{"line":274,"column":6},"end":{"line":274,"column":null}},"type":"binary-expr","locations":[{"start":{"line":274,"column":6},"end":{"line":274,"column":20}},{"start":{"line":274,"column":20},"end":{"line":274,"column":null}}],"line":274},"31":{"loc":{"start":{"line":275,"column":6},"end":{"line":275,"column":null}},"type":"binary-expr","locations":[{"start":{"line":275,"column":6},"end":{"line":275,"column":26}},{"start":{"line":275,"column":26},"end":{"line":275,"column":null}}],"line":275},"32":{"loc":{"start":{"line":276,"column":6},"end":{"line":276,"column":null}},"type":"binary-expr","locations":[{"start":{"line":276,"column":6},"end":{"line":276,"column":21}},{"start":{"line":276,"column":21},"end":{"line":276,"column":null}}],"line":276},"33":{"loc":{"start":{"line":297,"column":16},"end":{"line":297,"column":69}},"type":"binary-expr","locations":[{"start":{"line":297,"column":16},"end":{"line":297,"column":30}},{"start":{"line":297,"column":30},"end":{"line":297,"column":69}}],"line":297},"34":{"loc":{"start":{"line":311,"column":4},"end":{"line":311,"column":null}},"type":"default-arg","locations":[{"start":{"line":311,"column":14},"end":{"line":311,"column":null}}],"line":311},"35":{"loc":{"start":{"line":312,"column":4},"end":{"line":312,"column":null}},"type":"default-arg","locations":[{"start":{"line":312,"column":19},"end":{"line":312,"column":null}}],"line":312},"36":{"loc":{"start":{"line":318,"column":6},"end":{"line":318,"column":null}},"type":"if","locations":[{"start":{"line":318,"column":6},"end":{"line":318,"column":null}},{"start":{},"end":{}}],"line":318},"37":{"loc":{"start":{"line":319,"column":6},"end":{"line":323,"column":null}},"type":"if","locations":[{"start":{"line":319,"column":6},"end":{"line":323,"column":null}},{"start":{},"end":{}}],"line":319},"38":{"loc":{"start":{"line":334,"column":4},"end":{"line":335,"column":null}},"type":"if","locations":[{"start":{"line":334,"column":4},"end":{"line":335,"column":null}},{"start":{},"end":{}}],"line":334},"39":{"loc":{"start":{"line":334,"column":8},"end":{"line":334,"column":54}},"type":"binary-expr","locations":[{"start":{"line":334,"column":8},"end":{"line":334,"column":21}},{"start":{"line":334,"column":21},"end":{"line":334,"column":54}}],"line":334},"40":{"loc":{"start":{"line":337,"column":4},"end":{"line":338,"column":null}},"type":"if","locations":[{"start":{"line":337,"column":4},"end":{"line":338,"column":null}},{"start":{},"end":{}}],"line":337},"41":{"loc":{"start":{"line":344,"column":4},"end":{"line":345,"column":null}},"type":"if","locations":[{"start":{"line":344,"column":4},"end":{"line":345,"column":null}},{"start":{},"end":{}}],"line":344},"42":{"loc":{"start":{"line":358,"column":4},"end":{"line":358,"column":null}},"type":"if","locations":[{"start":{"line":358,"column":4},"end":{"line":358,"column":null}},{"start":{},"end":{}}],"line":358},"43":{"loc":{"start":{"line":359,"column":4},"end":{"line":359,"column":null}},"type":"if","locations":[{"start":{"line":359,"column":4},"end":{"line":359,"column":null}},{"start":{},"end":{}}],"line":359},"44":{"loc":{"start":{"line":359,"column":8},"end":{"line":359,"column":64}},"type":"binary-expr","locations":[{"start":{"line":359,"column":8},"end":{"line":359,"column":29}},{"start":{"line":359,"column":33},"end":{"line":359,"column":64}}],"line":359},"45":{"loc":{"start":{"line":364,"column":4},"end":{"line":369,"column":null}},"type":"if","locations":[{"start":{"line":364,"column":4},"end":{"line":369,"column":null}},{"start":{},"end":{}}],"line":364},"46":{"loc":{"start":{"line":364,"column":8},"end":{"line":364,"column":52}},"type":"binary-expr","locations":[{"start":{"line":364,"column":8},"end":{"line":364,"column":29}},{"start":{"line":364,"column":33},"end":{"line":364,"column":52}}],"line":364},"47":{"loc":{"start":{"line":366,"column":6},"end":{"line":367,"column":null}},"type":"if","locations":[{"start":{"line":366,"column":6},"end":{"line":367,"column":null}},{"start":{},"end":{}}],"line":366}},"s":{"0":8,"1":8,"2":3,"3":3,"4":3,"5":0,"6":3,"7":3,"8":3,"9":3,"10":3,"11":3,"12":1,"13":1,"14":1,"15":1,"16":1,"17":1,"18":1,"19":1,"20":1,"21":0,"22":0,"23":0,"24":0,"25":0,"26":0,"27":0,"28":0,"29":0,"30":0,"31":0,"32":0,"33":0,"34":0,"35":1,"36":1,"37":1,"38":0,"39":0,"40":0,"41":0,"42":1,"43":1,"44":1,"45":1,"46":0,"47":0,"48":0,"49":0,"50":1,"51":0,"52":0,"53":0,"54":0,"55":0,"56":0,"57":0,"58":0,"59":0,"60":0,"61":0,"62":0,"63":0,"64":0,"65":0,"66":1,"67":0,"68":1,"69":1,"70":1,"71":1,"72":0,"73":0,"74":1,"75":0,"76":0,"77":0,"78":0,"79":0,"80":0,"81":0,"82":0,"83":0,"84":0,"85":0,"86":0,"87":0,"88":0,"89":0,"90":0,"91":0,"92":0,"93":0,"94":0,"95":0,"96":0,"97":0,"98":0,"99":0,"100":0,"101":4,"102":4,"103":4,"104":4,"105":0,"106":0,"107":0,"108":0},"f":{"0":8,"1":3,"2":1,"3":1,"4":1,"5":1,"6":0,"7":0,"8":1,"9":1,"10":0,"11":0,"12":1,"13":1,"14":0,"15":0,"16":0,"17":4,"18":0,"19":0},"b":{"0":[0,3],"1":[3,0],"2":[1,0],"3":[0],"4":[0,0],"5":[0,0],"6":[0,0],"7":[0],"8":[0,0],"9":[0,0],"10":[0,0],"11":[1],"12":[1,1],"13":[1,1],"14":[1,0],"15":[1],"16":[1,1],"17":[1,1],"18":[1,0],"19":[0],"20":[0,0],"21":[0,0],"22":[0,0],"23":[0,0],"24":[0],"25":[0,0],"26":[0,0],"27":[0,0],"28":[1],"29":[1,0],"30":[0,1],"31":[1,1],"32":[1,1],"33":[1,0],"34":[0],"35":[0],"36":[0,0],"37":[0,0],"38":[0,0],"39":[0,0],"40":[0,0],"41":[0,0],"42":[0,0],"43":[0,0],"44":[0,0],"45":[4,0],"46":[4,4],"47":[4,0]},"meta":{"lastBranch":48,"lastFunction":20,"lastStatement":109,"seen":{"f:77:2:77:Infinity":0,"s:78:21:78:Infinity":0,"s:79:21:79:Infinity":1,"f:82:8:82:13":1,"s:83:19:83:36":2,"s:84:19:86:6":3,"b:88:4:88:Infinity:undefined:undefined:undefined:undefined":0,"s:88:4:88:Infinity":4,"s:88:32:88:Infinity":5,"s:89:34:89:36":6,"s:91:4:95:Infinity":7,"b:92:6:95:Infinity:undefined:undefined:undefined:undefined":1,"s:92:6:95:Infinity":8,"s:93:8:95:Infinity":9,"s:94:10:94:Infinity":10,"s:100:4:100:Infinity":11,"f:103:8:103:12":2,"s:104:22:104:49":12,"s:105:4:105:Infinity":13,"b:105:11:105:53:105:57:105:Infinity":2,"f:105:21:105:27":3,"s:105:33:105:53":14,"f:108:8:108:15":4,"s:109:19:109:Infinity":15,"s:110:4:113:Infinity":16,"s:114:4:114:Infinity":17,"f:117:8:117:15":5,"s:118:19:118:Infinity":18,"s:119:4:122:Infinity":19,"s:123:4:123:Infinity":20,"f:130:8:130:20":6,"b:130:67:130:69":3,"s:131:19:131:Infinity":21,"b:131:19:131:34:131:34:131:Infinity":4,"s:132:19:132:Infinity":22,"b:132:19:132:34:132:34:132:Infinity":5,"s:133:22:133:80":23,"b:133:22:133:41:133:41:133:80":6,"s:135:24:135:Infinity":24,"s:136:19:144:Infinity":25,"s:146:19:148:6":26,"s:150:4:150:Infinity":27,"f:153:8:153:20":7,"b:153:67:153:69":7,"s:154:19:154:Infinity":28,"b:154:19:154:34:154:34:154:Infinity":8,"s:155:18:155:Infinity":29,"b:155:18:155:32:155:32:155:Infinity":9,"s:156:22:156:80":30,"b:156:22:156:41:156:41:156:80":10,"s:158:24:158:39":31,"s:159:19:167:Infinity":32,"s:169:19:171:6":33,"s:173:4:173:Infinity":34,"f:176:8:176:19":8,"b:176:65:176:67":11,"s:177:21:177:Infinity":35,"b:177:21:177:38:177:38:177:Infinity":12,"s:178:23:178:Infinity":36,"b:178:23:178:42:178:42:178:Infinity":13,"s:179:22:179:80":37,"b:179:22:179:41:179:41:179:80":14,"s:180:20:180:Infinity":38,"s:182:23:182:Infinity":39,"s:183:19:191:Infinity":40,"s:193:19:195:6":41,"s:197:4:197:Infinity":42,"f:200:8:200:25":9,"b:200:71:200:73":15,"s:201:21:201:Infinity":43,"b:201:21:201:38:201:38:201:Infinity":16,"s:202:23:202:Infinity":44,"b:202:23:202:42:202:42:202:Infinity":17,"s:203:22:203:80":45,"b:203:22:203:41:203:41:203:80":18,"s:204:20:204:Infinity":46,"s:206:19:206:Infinity":47,"s:207:19:215:Infinity":48,"s:217:19:219:6":49,"s:221:4:221:Infinity":50,"f:224:8:224:26":10,"b:224:79:224:81":19,"s:225:24:225:Infinity":51,"b:225:24:225:44:225:44:225:Infinity":20,"s:226:19:226:Infinity":52,"b:226:19:226:34:226:34:226:Infinity":21,"s:227:18:227:Infinity":53,"b:227:18:227:32:227:32:227:Infinity":22,"s:228:22:228:80":54,"b:228:22:228:41:228:41:228:80":23,"s:230:19:230:Infinity":55,"s:231:19:239:Infinity":56,"s:241:19:243:6":57,"s:245:4:245:Infinity":58,"f:248:8:248:24":11,"b:248:75:248:77":24,"s:249:19:249:Infinity":59,"b:249:19:249:34:249:34:249:Infinity":25,"s:250:19:250:Infinity":60,"b:250:19:250:34:250:34:250:Infinity":26,"s:251:22:251:80":61,"b:251:22:251:41:251:41:251:80":27,"s:253:19:253:35":62,"s:254:19:262:Infinity":63,"s:264:19:266:6":64,"s:268:4:268:Infinity":65,"f:271:8:271:21":12,"b:271:69:271:71":28,"s:272:22:272:80":66,"b:272:22:272:41:272:41:272:80":29,"s:273:19:277:Infinity":67,"b:274:6:274:20:274:20:274:Infinity":30,"b:275:6:275:26:275:26:275:Infinity":31,"b:276:6:276:21:276:21:276:Infinity":32,"s:279:19:287:Infinity":68,"s:289:19:291:6":69,"s:293:4:293:Infinity":70,"f:296:8:296:22":13,"s:297:16:297:69":71,"b:297:16:297:30:297:30:297:69":33,"s:298:19:298:Infinity":72,"s:300:19:302:6":73,"s:304:4:304:Infinity":74,"f:308:8:308:Infinity":14,"b:311:14:311:Infinity":34,"b:312:19:312:Infinity":35,"s:314:21:314:Infinity":75,"s:316:4:325:Infinity":76,"s:317:23:317:61":77,"b:318:6:318:Infinity:undefined:undefined:undefined:undefined":36,"s:318:6:318:Infinity":78,"s:318:44:318:Infinity":79,"b:319:6:323:Infinity:undefined:undefined:undefined:undefined":37,"s:319:6:323:Infinity":80,"s:320:8:323:Infinity":81,"s:325:6:325:Infinity":82,"s:328:4:328:Infinity":83,"f:332:8:332:22":15,"s:333:21:333:59":84,"b:334:4:335:Infinity:undefined:undefined:undefined:undefined":38,"s:334:4:335:Infinity":85,"b:334:8:334:21:334:21:334:54":39,"s:335:6:335:Infinity":86,"b:337:4:338:Infinity:undefined:undefined:undefined:undefined":40,"s:337:4:338:Infinity":87,"s:338:6:338:Infinity":88,"s:341:21:343:6":89,"b:344:4:345:Infinity:undefined:undefined:undefined:undefined":41,"s:344:4:345:Infinity":90,"s:345:6:345:Infinity":91,"s:348:24:348:52":92,"s:349:4:349:Infinity":93,"f:353:8:353:27":16,"s:354:19:354:Infinity":94,"s:355:19:357:6":95,"b:358:4:358:Infinity:undefined:undefined:undefined:undefined":42,"s:358:4:358:Infinity":96,"s:358:36:358:Infinity":97,"b:359:4:359:Infinity:undefined:undefined:undefined:undefined":43,"s:359:4:359:Infinity":98,"b:359:8:359:29:359:33:359:64":44,"s:359:64:359:Infinity":99,"s:360:4:360:Infinity":100,"f:363:2:363:10":17,"b:364:4:369:Infinity:undefined:undefined:undefined:undefined":45,"s:364:4:369:Infinity":101,"b:364:8:364:29:364:33:364:52":46,"s:365:20:365:Infinity":102,"b:366:6:367:Infinity:undefined:undefined:undefined:undefined":47,"s:366:6:367:Infinity":103,"s:367:8:367:Infinity":104,"s:369:6:369:Infinity":105,"s:371:4:371:Infinity":106,"f:375:9:375:15":18,"s:376:2:376:Infinity":107,"f:376:13:376:22":19,"s:376:34:376:57":108}}}
,"/Users/agm/Documents/Github/notebooklm-sdk/src/api/chat.ts": {"path":"/Users/agm/Documents/Github/notebooklm-sdk/src/api/chat.ts","statementMap":{"0":{"start":{"line":8,"column":2},"end":{"line":8,"column":null}},"1":{"start":{"line":18,"column":30},"end":{"line":18,"column":67}},"2":{"start":{"line":21,"column":21},"end":{"line":21,"column":null}},"3":{"start":{"line":22,"column":21},"end":{"line":22,"column":null}},"4":{"start":{"line":26,"column":22},"end":{"line":26,"column":80}},"5":{"start":{"line":27,"column":27},"end":{"line":27,"column":null}},"6":{"start":{"line":28,"column":20},"end":{"line":28,"column":null}},"7":{"start":{"line":31,"column":18},"end":{"line":31,"column":57}},"8":{"start":{"line":31,"column":37},"end":{"line":31,"column":56}},"9":{"start":{"line":32,"column":27},"end":{"line":38,"column":null}},"10":{"start":{"line":40,"column":21},"end":{"line":40,"column":75}},"11":{"start":{"line":41,"column":19},"end":{"line":41,"column":51}},"12":{"start":{"line":44,"column":19},"end":{"line":44,"column":null}},"13":{"start":{"line":45,"column":19},"end":{"line":45,"column":59}},"14":{"start":{"line":46,"column":4},"end":{"line":46,"column":null}},"15":{"start":{"line":47,"column":4},"end":{"line":47,"column":null}},"16":{"start":{"line":49,"column":4},"end":{"line":54,"column":null}},"17":{"start":{"line":61,"column":19},"end":{"line":61,"column":null}},"18":{"start":{"line":62,"column":19},"end":{"line":64,"column":6}},"19":{"start":{"line":66,"column":4},"end":{"line":66,"column":null}},"20":{"start":{"line":66,"column":32},"end":{"line":66,"column":null}},"21":{"start":{"line":67,"column":38},"end":{"line":67,"column":40}},"22":{"start":{"line":69,"column":4},"end":{"line":79,"column":null}},"23":{"start":{"line":70,"column":24},"end":{"line":70,"column":null}},"24":{"start":{"line":71,"column":6},"end":{"line":71,"column":null}},"25":{"start":{"line":71,"column":37},"end":{"line":71,"column":null}},"26":{"start":{"line":72,"column":20},"end":{"line":72,"column":null}},"27":{"start":{"line":73,"column":6},"end":{"line":77,"column":null}},"28":{"start":{"line":74,"column":8},"end":{"line":74,"column":null}},"29":{"start":{"line":74,"column":34},"end":{"line":74,"column":null}},"30":{"start":{"line":75,"column":22},"end":{"line":75,"column":null}},"31":{"start":{"line":76,"column":23},"end":{"line":76,"column":null}},"32":{"start":{"line":77,"column":8},"end":{"line":77,"column":null}},"33":{"start":{"line":82,"column":4},"end":{"line":82,"column":null}},"34":{"start":{"line":86,"column":19},"end":{"line":86,"column":36}},"35":{"start":{"line":87,"column":19},"end":{"line":90,"column":6}},"36":{"start":{"line":91,"column":4},"end":{"line":91,"column":null}},"37":{"start":{"line":91,"column":36},"end":{"line":91,"column":null}},"38":{"start":{"line":92,"column":4},"end":{"line":92,"column":null}},"39":{"start":{"line":92,"column":64},"end":{"line":92,"column":null}},"40":{"start":{"line":93,"column":4},"end":{"line":93,"column":null}},"41":{"start":{"line":97,"column":4},"end":{"line":100,"column":null}},"42":{"start":{"line":98,"column":6},"end":{"line":98,"column":null}},"43":{"start":{"line":100,"column":6},"end":{"line":100,"column":null}},"44":{"start":{"line":105,"column":17},"end":{"line":105,"column":40}},"45":{"start":{"line":107,"column":19},"end":{"line":110,"column":6}},"46":{"start":{"line":112,"column":21},"end":{"line":119,"column":6}},"47":{"start":{"line":121,"column":4},"end":{"line":122,"column":null}},"48":{"start":{"line":122,"column":6},"end":{"line":122,"column":null}},"49":{"start":{"line":125,"column":4},"end":{"line":125,"column":null}},"50":{"start":{"line":139,"column":15},"end":{"line":139,"column":null}},"51":{"start":{"line":140,"column":38},"end":{"line":140,"column":null}},"52":{"start":{"line":141,"column":19},"end":{"line":141,"column":null}},"53":{"start":{"line":142,"column":38},"end":{"line":142,"column":40}},"54":{"start":{"line":144,"column":2},"end":{"line":171,"column":null}},"55":{"start":{"line":146,"column":17},"end":{"line":146,"column":36}},"56":{"start":{"line":147,"column":4},"end":{"line":148,"column":null}},"57":{"start":{"line":148,"column":6},"end":{"line":148,"column":null}},"58":{"start":{"line":150,"column":4},"end":{"line":151,"column":null}},"59":{"start":{"line":151,"column":6},"end":{"line":151,"column":null}},"60":{"start":{"line":156,"column":20},"end":{"line":156,"column":65}},"61":{"start":{"line":157,"column":4},"end":{"line":164,"column":null}},"62":{"start":{"line":158,"column":6},"end":{"line":164,"column":null}},"63":{"start":{"line":159,"column":20},"end":{"line":159,"column":40}},"64":{"start":{"line":160,"column":8},"end":{"line":162,"column":null}},"65":{"start":{"line":161,"column":10},"end":{"line":161,"column":null}},"66":{"start":{"line":162,"column":10},"end":{"line":162,"column":null}},"67":{"start":{"line":170,"column":4},"end":{"line":171,"column":null}},"68":{"start":{"line":171,"column":6},"end":{"line":171,"column":null}},"69":{"start":{"line":175,"column":2},"end":{"line":175,"column":null}}},"fnMap":{"0":{"name":"(anonymous_0)","decl":{"start":{"line":20,"column":2},"end":{"line":20,"column":null}},"loc":{"start":{"line":23,"column":4},"end":{"line":22,"column":null}},"line":23},"1":{"name":"(anonymous_1)","decl":{"start":{"line":25,"column":8},"end":{"line":25,"column":12}},"loc":{"start":{"line":25,"column":90},"end":{"line":54,"column":null}},"line":25},"2":{"name":"(anonymous_2)","decl":{"start":{"line":31,"column":26},"end":{"line":31,"column":31}},"loc":{"start":{"line":31,"column":37},"end":{"line":31,"column":56}},"line":31},"3":{"name":"(anonymous_3)","decl":{"start":{"line":57,"column":8},"end":{"line":57,"column":null}},"loc":{"start":{"line":60,"column":33},"end":{"line":82,"column":null}},"line":60},"4":{"name":"(anonymous_4)","decl":{"start":{"line":85,"column":8},"end":{"line":85,"column":30}},"loc":{"start":{"line":85,"column":74},"end":{"line":93,"column":null}},"line":85},"5":{"name":"(anonymous_5)","decl":{"start":{"line":96,"column":2},"end":{"line":96,"column":13}},"loc":{"start":{"line":96,"column":44},"end":{"line":100,"column":null}},"line":96},"6":{"name":"(anonymous_6)","decl":{"start":{"line":104,"column":16},"end":{"line":104,"column":32}},"loc":{"start":{"line":104,"column":87},"end":{"line":125,"column":null}},"line":104},"7":{"name":"parseStreamingResponse","decl":{"start":{"line":136,"column":9},"end":{"line":136,"column":32}},"loc":{"start":{"line":136,"column":65},"end":{"line":175,"column":null}},"line":136}},"branchMap":{"0":{"loc":{"start":{"line":25,"column":47},"end":{"line":25,"column":68}},"type":"default-arg","locations":[{"start":{"line":25,"column":66},"end":{"line":25,"column":68}}],"line":25},"1":{"loc":{"start":{"line":26,"column":22},"end":{"line":26,"column":80}},"type":"binary-expr","locations":[{"start":{"line":26,"column":22},"end":{"line":26,"column":41}},{"start":{"line":26,"column":41},"end":{"line":26,"column":80}}],"line":26},"2":{"loc":{"start":{"line":27,"column":27},"end":{"line":27,"column":null}},"type":"binary-expr","locations":[{"start":{"line":27,"column":27},"end":{"line":27,"column":50}},{"start":{"line":27,"column":50},"end":{"line":27,"column":null}}],"line":27},"3":{"loc":{"start":{"line":28,"column":20},"end":{"line":28,"column":null}},"type":"binary-expr","locations":[{"start":{"line":28,"column":20},"end":{"line":28,"column":37}},{"start":{"line":28,"column":37},"end":{"line":28,"column":109}}],"line":28},"4":{"loc":{"start":{"line":28,"column":37},"end":{"line":28,"column":109}},"type":"cond-expr","locations":[{"start":{"line":28,"column":55},"end":{"line":28,"column":103}},{"start":{"line":28,"column":107},"end":{"line":28,"column":109}}],"line":28},"5":{"loc":{"start":{"line":28,"column":55},"end":{"line":28,"column":103}},"type":"binary-expr","locations":[{"start":{"line":28,"column":55},"end":{"line":28,"column":97}},{"start":{"line":28,"column":101},"end":{"line":28,"column":103}}],"line":28},"6":{"loc":{"start":{"line":44,"column":19},"end":{"line":44,"column":null}},"type":"binary-expr","locations":[{"start":{"line":44,"column":19},"end":{"line":44,"column":44}},{"start":{"line":44,"column":44},"end":{"line":44,"column":62}},{"start":{"line":44,"column":62},"end":{"line":44,"column":null}}],"line":44},"7":{"loc":{"start":{"line":45,"column":19},"end":{"line":45,"column":59}},"type":"binary-expr","locations":[{"start":{"line":45,"column":19},"end":{"line":45,"column":53}},{"start":{"line":45,"column":57},"end":{"line":45,"column":59}}],"line":45},"8":{"loc":{"start":{"line":66,"column":4},"end":{"line":66,"column":null}},"type":"if","locations":[{"start":{"line":66,"column":4},"end":{"line":66,"column":null}},{"start":{},"end":{}}],"line":66},"9":{"loc":{"start":{"line":71,"column":6},"end":{"line":71,"column":null}},"type":"if","locations":[{"start":{"line":71,"column":6},"end":{"line":71,"column":null}},{"start":{},"end":{}}],"line":71},"10":{"loc":{"start":{"line":74,"column":8},"end":{"line":74,"column":null}},"type":"if","locations":[{"start":{"line":74,"column":8},"end":{"line":74,"column":null}},{"start":{},"end":{}}],"line":74},"11":{"loc":{"start":{"line":75,"column":22},"end":{"line":75,"column":null}},"type":"cond-expr","locations":[{"start":{"line":75,"column":52},"end":{"line":75,"column":72}},{"start":{"line":75,"column":72},"end":{"line":75,"column":null}}],"line":75},"12":{"loc":{"start":{"line":76,"column":23},"end":{"line":76,"column":null}},"type":"cond-expr","locations":[{"start":{"line":76,"column":53},"end":{"line":76,"column":73}},{"start":{"line":76,"column":73},"end":{"line":76,"column":null}}],"line":76},"13":{"loc":{"start":{"line":91,"column":4},"end":{"line":91,"column":null}},"type":"if","locations":[{"start":{"line":91,"column":4},"end":{"line":91,"column":null}},{"start":{},"end":{}}],"line":91},"14":{"loc":{"start":{"line":92,"column":4},"end":{"line":92,"column":null}},"type":"if","locations":[{"start":{"line":92,"column":4},"end":{"line":92,"column":null}},{"start":{},"end":{}}],"line":92},"15":{"loc":{"start":{"line":92,"column":8},"end":{"line":92,"column":64}},"type":"binary-expr","locations":[{"start":{"line":92,"column":8},"end":{"line":92,"column":29}},{"start":{"line":92,"column":33},"end":{"line":92,"column":64}}],"line":92},"16":{"loc":{"start":{"line":97,"column":4},"end":{"line":100,"column":null}},"type":"if","locations":[{"start":{"line":97,"column":4},"end":{"line":100,"column":null}},{"start":{"line":99,"column":11},"end":{"line":100,"column":null}}],"line":97},"17":{"loc":{"start":{"line":109,"column":15},"end":{"line":109,"column":null}},"type":"cond-expr","locations":[{"start":{"line":109,"column":43},"end":{"line":109,"column":48}},{"start":{"line":109,"column":48},"end":{"line":109,"column":null}}],"line":109},"18":{"loc":{"start":{"line":121,"column":4},"end":{"line":122,"column":null}},"type":"if","locations":[{"start":{"line":121,"column":4},"end":{"line":122,"column":null}},{"start":{},"end":{}}],"line":121},"19":{"loc":{"start":{"line":147,"column":4},"end":{"line":148,"column":null}},"type":"if","locations":[{"start":{"line":147,"column":4},"end":{"line":148,"column":null}},{"start":{},"end":{}}],"line":147},"20":{"loc":{"start":{"line":150,"column":4},"end":{"line":151,"column":null}},"type":"if","locations":[{"start":{"line":150,"column":4},"end":{"line":151,"column":null}},{"start":{},"end":{}}],"line":150},"21":{"loc":{"start":{"line":160,"column":8},"end":{"line":162,"column":null}},"type":"if","locations":[{"start":{"line":160,"column":8},"end":{"line":162,"column":null}},{"start":{},"end":{}}],"line":160},"22":{"loc":{"start":{"line":170,"column":4},"end":{"line":171,"column":null}},"type":"if","locations":[{"start":{"line":170,"column":4},"end":{"line":171,"column":null}},{"start":{},"end":{}}],"line":170}},"s":{"0":1,"1":0,"2":0,"3":0,"4":0,"5":0,"6":0,"7":0,"8":0,"9":0,"10":0,"11":0,"12":0,"13":0,"14":0,"15":0,"16":0,"17":0,"18":0,"19":0,"20":0,"21":0,"22":0,"23":0,"24":0,"25":0,"26":0,"27":0,"28":0,"29":0,"30":0,"31":0,"32":0,"33":0,"34":0,"35":0,"36":0,"37":0,"38":0,"39":0,"40":0,"41":0,"42":0,"43":0,"44":0,"45":0,"46":0,"47":0,"48":0,"49":0,"50":0,"51":0,"52":0,"53":0,"54":0,"55":0,"56":0,"57":0,"58":0,"59":0,"60":0,"61":0,"62":0,"63":0,"64":0,"65":0,"66":0,"67":0,"68":0,"69":0},"f":{"0":0,"1":0,"2":0,"3":0,"4":0,"5":0,"6":0,"7":0},"b":{"0":[0],"1":[0,0],"2":[0,0],"3":[0,0],"4":[0,0],"5":[0,0],"6":[0,0,0],"7":[0,0],"8":[0,0],"9":[0,0],"10":[0,0],"11":[0,0],"12":[0,0],"13":[0,0],"14":[0,0],"15":[0,0],"16":[0,0],"17":[0,0],"18":[0,0],"19":[0,0],"20":[0,0],"21":[0,0],"22":[0,0]},"meta":{"lastBranch":23,"lastFunction":8,"lastStatement":70,"seen":{"s:8:2:8:Infinity":0,"s:18:30:18:67":1,"f:20:2:20:Infinity":0,"s:21:21:21:Infinity":2,"s:22:21:22:Infinity":3,"f:25:8:25:12":1,"b:25:66:25:68":0,"s:26:22:26:80":4,"b:26:22:26:41:26:41:26:80":1,"s:27:27:27:Infinity":5,"b:27:27:27:50:27:50:27:Infinity":2,"s:28:20:28:Infinity":6,"b:28:20:28:37:28:37:28:109":3,"b:28:55:28:103:28:107:28:109":4,"b:28:55:28:97:28:101:28:103":5,"s:31:18:31:57":7,"f:31:26:31:31":2,"s:31:37:31:56":8,"s:32:27:38:Infinity":9,"s:40:21:40:75":10,"s:41:19:41:51":11,"s:44:19:44:Infinity":12,"b:44:19:44:44:44:44:44:62:44:62:44:Infinity":6,"s:45:19:45:59":13,"b:45:19:45:53:45:57:45:59":7,"s:46:4:46:Infinity":14,"s:47:4:47:Infinity":15,"s:49:4:54:Infinity":16,"f:57:8:57:Infinity":3,"s:61:19:61:Infinity":17,"s:62:19:64:6":18,"b:66:4:66:Infinity:undefined:undefined:undefined:undefined":8,"s:66:4:66:Infinity":19,"s:66:32:66:Infinity":20,"s:67:38:67:40":21,"s:69:4:79:Infinity":22,"s:70:24:70:Infinity":23,"b:71:6:71:Infinity:undefined:undefined:undefined:undefined":9,"s:71:6:71:Infinity":24,"s:71:37:71:Infinity":25,"s:72:20:72:Infinity":26,"s:73:6:77:Infinity":27,"b:74:8:74:Infinity:undefined:undefined:undefined:undefined":10,"s:74:8:74:Infinity":28,"s:74:34:74:Infinity":29,"s:75:22:75:Infinity":30,"b:75:52:75:72:75:72:75:Infinity":11,"s:76:23:76:Infinity":31,"b:76:53:76:73:76:73:76:Infinity":12,"s:77:8:77:Infinity":32,"s:82:4:82:Infinity":33,"f:85:8:85:30":4,"s:86:19:86:36":34,"s:87:19:90:6":35,"b:91:4:91:Infinity:undefined:undefined:undefined:undefined":13,"s:91:4:91:Infinity":36,"s:91:36:91:Infinity":37,"b:92:4:92:Infinity:undefined:undefined:undefined:undefined":14,"s:92:4:92:Infinity":38,"b:92:8:92:29:92:33:92:64":15,"s:92:64:92:Infinity":39,"s:93:4:93:Infinity":40,"f:96:2:96:13":5,"b:97:4:100:Infinity:99:11:100:Infinity":16,"s:97:4:100:Infinity":41,"s:98:6:98:Infinity":42,"s:100:6:100:Infinity":43,"f:104:16:104:32":6,"s:105:17:105:40":44,"s:107:19:110:6":45,"b:109:43:109:48:109:48:109:Infinity":17,"s:112:21:119:6":46,"b:121:4:122:Infinity:undefined:undefined:undefined:undefined":18,"s:121:4:122:Infinity":47,"s:122:6:122:Infinity":48,"s:125:4:125:Infinity":49,"f:136:9:136:32":7,"s:139:15:139:Infinity":50,"s:140:38:140:Infinity":51,"s:141:19:141:Infinity":52,"s:142:38:142:40":53,"s:144:2:171:Infinity":54,"s:146:17:146:36":55,"b:147:4:148:Infinity:undefined:undefined:undefined:undefined":19,"s:147:4:148:Infinity":56,"s:148:6:148:Infinity":57,"b:150:4:151:Infinity:undefined:undefined:undefined:undefined":20,"s:150:4:151:Infinity":58,"s:151:6:151:Infinity":59,"s:156:20:156:65":60,"s:157:4:164:Infinity":61,"s:158:6:164:Infinity":62,"s:159:20:159:40":63,"b:160:8:162:Infinity:undefined:undefined:undefined:undefined":21,"s:160:8:162:Infinity":64,"s:161:10:161:Infinity":65,"s:162:10:162:Infinity":66,"b:170:4:171:Infinity:undefined:undefined:undefined:undefined":22,"s:170:4:171:Infinity":67,"s:171:6:171:Infinity":68,"s:175:2:175:Infinity":69}}}
,"/Users/agm/Documents/Github/notebooklm-sdk/src/api/notebooks.ts": {"path":"/Users/agm/Documents/Github/notebooklm-sdk/src/api/notebooks.ts","statementMap":{"0":{"start":{"line":7,"column":31},"end":{"line":7,"column":45}},"1":{"start":{"line":10,"column":19},"end":{"line":10,"column":null}},"2":{"start":{"line":11,"column":19},"end":{"line":11,"column":72}},"3":{"start":{"line":12,"column":4},"end":{"line":12,"column":null}},"4":{"start":{"line":12,"column":50},"end":{"line":12,"column":null}},"5":{"start":{"line":13,"column":16},"end":{"line":13,"column":null}},"6":{"start":{"line":14,"column":4},"end":{"line":14,"column":null}},"7":{"start":{"line":14,"column":37},"end":{"line":14,"column":61}},"8":{"start":{"line":18,"column":19},"end":{"line":18,"column":null}},"9":{"start":{"line":19,"column":19},"end":{"line":19,"column":73}},"10":{"start":{"line":20,"column":4},"end":{"line":20,"column":null}},"11":{"start":{"line":24,"column":19},"end":{"line":24,"column":null}},"12":{"start":{"line":25,"column":19},"end":{"line":27,"column":6}},"13":{"start":{"line":28,"column":17},"end":{"line":28,"column":null}},"14":{"start":{"line":29,"column":4},"end":{"line":29,"column":null}},"15":{"start":{"line":33,"column":19},"end":{"line":33,"column":38}},"16":{"start":{"line":34,"column":4},"end":{"line":34,"column":null}},"17":{"start":{"line":35,"column":4},"end":{"line":35,"column":null}},"18":{"start":{"line":39,"column":19},"end":{"line":39,"column":71}},"19":{"start":{"line":40,"column":4},"end":{"line":43,"column":null}},"20":{"start":{"line":44,"column":4},"end":{"line":44,"column":null}},"21":{"start":{"line":48,"column":19},"end":{"line":48,"column":36}},"22":{"start":{"line":49,"column":19},"end":{"line":51,"column":6}},"23":{"start":{"line":52,"column":4},"end":{"line":57,"column":null}},"24":{"start":{"line":53,"column":6},"end":{"line":55,"column":null}},"25":{"start":{"line":54,"column":21},"end":{"line":54,"column":null}},"26":{"start":{"line":55,"column":8},"end":{"line":55,"column":null}},"27":{"start":{"line":60,"column":4},"end":{"line":60,"column":null}},"28":{"start":{"line":64,"column":19},"end":{"line":64,"column":36}},"29":{"start":{"line":65,"column":19},"end":{"line":67,"column":6}},"30":{"start":{"line":69,"column":18},"end":{"line":69,"column":null}},"31":{"start":{"line":70,"column":46},"end":{"line":70,"column":48}},"32":{"start":{"line":72,"column":4},"end":{"line":89,"column":null}},"33":{"start":{"line":73,"column":6},"end":{"line":84,"column":null}},"34":{"start":{"line":74,"column":23},"end":{"line":74,"column":null}},"35":{"start":{"line":75,"column":8},"end":{"line":84,"column":null}},"36":{"start":{"line":76,"column":30},"end":{"line":76,"column":null}},"37":{"start":{"line":77,"column":10},"end":{"line":77,"column":null}},"38":{"start":{"line":77,"column":46},"end":{"line":77,"column":null}},"39":{"start":{"line":79,"column":30},"end":{"line":79,"column":null}},"40":{"start":{"line":80,"column":10},"end":{"line":84,"column":null}},"41":{"start":{"line":81,"column":12},"end":{"line":84,"column":null}},"42":{"start":{"line":82,"column":31},"end":{"line":82,"column":null}},"43":{"start":{"line":83,"column":29},"end":{"line":83,"column":null}},"44":{"start":{"line":84,"column":14},"end":{"line":84,"column":null}},"45":{"start":{"line":93,"column":4},"end":{"line":93,"column":null}}},"fnMap":{"0":{"name":"(anonymous_0)","decl":{"start":{"line":7,"column":2},"end":{"line":7,"column":14}},"loc":{"start":{"line":7,"column":45},"end":{"line":7,"column":45}},"line":7},"1":{"name":"(anonymous_1)","decl":{"start":{"line":9,"column":8},"end":{"line":9,"column":36}},"loc":{"start":{"line":9,"column":36},"end":{"line":14,"column":null}},"line":9},"2":{"name":"(anonymous_2)","decl":{"start":{"line":14,"column":32},"end":{"line":14,"column":37}},"loc":{"start":{"line":14,"column":37},"end":{"line":14,"column":61}},"line":14},"3":{"name":"(anonymous_3)","decl":{"start":{"line":17,"column":8},"end":{"line":17,"column":15}},"loc":{"start":{"line":17,"column":49},"end":{"line":20,"column":null}},"line":17},"4":{"name":"(anonymous_4)","decl":{"start":{"line":23,"column":8},"end":{"line":23,"column":12}},"loc":{"start":{"line":23,"column":51},"end":{"line":29,"column":null}},"line":23},"5":{"name":"(anonymous_5)","decl":{"start":{"line":32,"column":8},"end":{"line":32,"column":15}},"loc":{"start":{"line":32,"column":53},"end":{"line":35,"column":null}},"line":32},"6":{"name":"(anonymous_6)","decl":{"start":{"line":38,"column":8},"end":{"line":38,"column":15}},"loc":{"start":{"line":38,"column":72},"end":{"line":44,"column":null}},"line":38},"7":{"name":"(anonymous_7)","decl":{"start":{"line":47,"column":8},"end":{"line":47,"column":19}},"loc":{"start":{"line":47,"column":56},"end":{"line":60,"column":null}},"line":47},"8":{"name":"(anonymous_8)","decl":{"start":{"line":63,"column":8},"end":{"line":63,"column":23}},"loc":{"start":{"line":63,"column":73},"end":{"line":93,"column":null}},"line":63}},"branchMap":{"0":{"loc":{"start":{"line":12,"column":4},"end":{"line":12,"column":null}},"type":"if","locations":[{"start":{"line":12,"column":4},"end":{"line":12,"column":null}},{"start":{},"end":{}}],"line":12},"1":{"loc":{"start":{"line":12,"column":8},"end":{"line":12,"column":50}},"type":"binary-expr","locations":[{"start":{"line":12,"column":8},"end":{"line":12,"column":30}},{"start":{"line":12,"column":34},"end":{"line":12,"column":50}}],"line":12},"2":{"loc":{"start":{"line":13,"column":16},"end":{"line":13,"column":null}},"type":"cond-expr","locations":[{"start":{"line":13,"column":43},"end":{"line":13,"column":55}},{"start":{"line":13,"column":55},"end":{"line":13,"column":null}}],"line":13},"3":{"loc":{"start":{"line":28,"column":17},"end":{"line":28,"column":null}},"type":"cond-expr","locations":[{"start":{"line":28,"column":58},"end":{"line":28,"column":70}},{"start":{"line":28,"column":70},"end":{"line":28,"column":null}}],"line":28},"4":{"loc":{"start":{"line":28,"column":17},"end":{"line":28,"column":58}},"type":"binary-expr","locations":[{"start":{"line":28,"column":17},"end":{"line":28,"column":38}},{"start":{"line":28,"column":42},"end":{"line":28,"column":58}}],"line":28},"5":{"loc":{"start":{"line":53,"column":6},"end":{"line":55,"column":null}},"type":"if","locations":[{"start":{"line":53,"column":6},"end":{"line":55,"column":null}},{"start":{},"end":{}}],"line":53},"6":{"loc":{"start":{"line":55,"column":15},"end":{"line":55,"column":null}},"type":"cond-expr","locations":[{"start":{"line":55,"column":41},"end":{"line":55,"column":47}},{"start":{"line":55,"column":47},"end":{"line":55,"column":null}}],"line":55},"7":{"loc":{"start":{"line":73,"column":6},"end":{"line":84,"column":null}},"type":"if","locations":[{"start":{"line":73,"column":6},"end":{"line":84,"column":null}},{"start":{},"end":{}}],"line":73},"8":{"loc":{"start":{"line":75,"column":8},"end":{"line":84,"column":null}},"type":"if","locations":[{"start":{"line":75,"column":8},"end":{"line":84,"column":null}},{"start":{},"end":{}}],"line":75},"9":{"loc":{"start":{"line":77,"column":10},"end":{"line":77,"column":null}},"type":"if","locations":[{"start":{"line":77,"column":10},"end":{"line":77,"column":null}},{"start":{},"end":{}}],"line":77},"10":{"loc":{"start":{"line":80,"column":10},"end":{"line":84,"column":null}},"type":"if","locations":[{"start":{"line":80,"column":10},"end":{"line":84,"column":null}},{"start":{},"end":{}}],"line":80},"11":{"loc":{"start":{"line":82,"column":31},"end":{"line":82,"column":null}},"type":"cond-expr","locations":[{"start":{"line":82,"column":58},"end":{"line":82,"column":65}},{"start":{"line":82,"column":65},"end":{"line":82,"column":null}}],"line":82},"12":{"loc":{"start":{"line":83,"column":29},"end":{"line":83,"column":null}},"type":"cond-expr","locations":[{"start":{"line":83,"column":56},"end":{"line":83,"column":63}},{"start":{"line":83,"column":63},"end":{"line":83,"column":null}}],"line":83}},"s":{"0":7,"1":1,"2":1,"3":1,"4":0,"5":1,"6":1,"7":12,"8":1,"9":1,"10":1,"11":2,"12":2,"13":2,"14":2,"15":1,"16":1,"17":1,"18":1,"19":1,"20":1,"21":1,"22":1,"23":1,"24":1,"25":1,"26":1,"27":0,"28":1,"29":1,"30":1,"31":1,"32":1,"33":1,"34":1,"35":1,"36":1,"37":1,"38":1,"39":1,"40":1,"41":1,"42":3,"43":3,"44":3,"45":1},"f":{"0":7,"1":1,"2":12,"3":1,"4":2,"5":1,"6":1,"7":1,"8":1},"b":{"0":[0,1],"1":[1,1],"2":[1,0],"3":[2,0],"4":[2,2],"5":[1,0],"6":[1,0],"7":[1,0],"8":[1,0],"9":[1,0],"10":[1,0],"11":[3,0],"12":[3,0]},"meta":{"lastBranch":13,"lastFunction":9,"lastStatement":46,"seen":{"f:7:2:7:14":0,"s:7:31:7:45":0,"f:9:8:9:36":1,"s:10:19:10:Infinity":1,"s:11:19:11:72":2,"b:12:4:12:Infinity:undefined:undefined:undefined:undefined":0,"s:12:4:12:Infinity":3,"b:12:8:12:30:12:34:12:50":1,"s:12:50:12:Infinity":4,"s:13:16:13:Infinity":5,"b:13:43:13:55:13:55:13:Infinity":2,"s:14:4:14:Infinity":6,"f:14:32:14:37":2,"s:14:37:14:61":7,"f:17:8:17:15":3,"s:18:19:18:Infinity":8,"s:19:19:19:73":9,"s:20:4:20:Infinity":10,"f:23:8:23:12":4,"s:24:19:24:Infinity":11,"s:25:19:27:6":12,"s:28:17:28:Infinity":13,"b:28:58:28:70:28:70:28:Infinity":3,"b:28:17:28:38:28:42:28:58":4,"s:29:4:29:Infinity":14,"f:32:8:32:15":5,"s:33:19:33:38":15,"s:34:4:34:Infinity":16,"s:35:4:35:Infinity":17,"f:38:8:38:15":6,"s:39:19:39:71":18,"s:40:4:43:Infinity":19,"s:44:4:44:Infinity":20,"f:47:8:47:19":7,"s:48:19:48:36":21,"s:49:19:51:6":22,"s:52:4:57:Infinity":23,"b:53:6:55:Infinity:undefined:undefined:undefined:undefined":5,"s:53:6:55:Infinity":24,"s:54:21:54:Infinity":25,"s:55:8:55:Infinity":26,"b:55:41:55:47:55:47:55:Infinity":6,"s:60:4:60:Infinity":27,"f:63:8:63:23":8,"s:64:19:64:36":28,"s:65:19:67:6":29,"s:69:18:69:Infinity":30,"s:70:46:70:48":31,"s:72:4:89:Infinity":32,"b:73:6:84:Infinity:undefined:undefined:undefined:undefined":7,"s:73:6:84:Infinity":33,"s:74:23:74:Infinity":34,"b:75:8:84:Infinity:undefined:undefined:undefined:undefined":8,"s:75:8:84:Infinity":35,"s:76:30:76:Infinity":36,"b:77:10:77:Infinity:undefined:undefined:undefined:undefined":9,"s:77:10:77:Infinity":37,"s:77:46:77:Infinity":38,"s:79:30:79:Infinity":39,"b:80:10:84:Infinity:undefined:undefined:undefined:undefined":10,"s:80:10:84:Infinity":40,"s:81:12:84:Infinity":41,"s:82:31:82:Infinity":42,"b:82:58:82:65:82:65:82:Infinity":11,"s:83:29:83:Infinity":43,"b:83:56:83:63:83:63:83:Infinity":12,"s:84:14:84:Infinity":44,"s:93:4:93:Infinity":45}}}
,"/Users/agm/Documents/Github/notebooklm-sdk/src/api/notes.ts": {"path":"/Users/agm/Documents/Github/notebooklm-sdk/src/api/notes.ts","statementMap":{"0":{"start":{"line":7,"column":31},"end":{"line":7,"column":45}},"1":{"start":{"line":10,"column":19},"end":{"line":10,"column":36}},"2":{"start":{"line":11,"column":19},"end":{"line":13,"column":6}},"3":{"start":{"line":15,"column":26},"end":{"line":15,"column":28}},"4":{"start":{"line":16,"column":32},"end":{"line":16,"column":34}},"5":{"start":{"line":18,"column":4},"end":{"line":18,"column":null}},"6":{"start":{"line":18,"column":32},"end":{"line":18,"column":null}},"7":{"start":{"line":20,"column":4},"end":{"line":45,"column":null}},"8":{"start":{"line":22,"column":24},"end":{"line":22,"column":null}},"9":{"start":{"line":23,"column":6},"end":{"line":25,"column":null}},"10":{"start":{"line":24,"column":8},"end":{"line":25,"column":null}},"11":{"start":{"line":25,"column":10},"end":{"line":25,"column":null}},"12":{"start":{"line":25,"column":32},"end":{"line":25,"column":null}},"13":{"start":{"line":29,"column":23},"end":{"line":29,"column":null}},"14":{"start":{"line":30,"column":6},"end":{"line":41,"column":null}},"15":{"start":{"line":31,"column":8},"end":{"line":41,"column":null}},"16":{"start":{"line":32,"column":10},"end":{"line":41,"column":null}},"17":{"start":{"line":33,"column":12},"end":{"line":41,"column":null}},"18":{"start":{"line":49,"column":4},"end":{"line":49,"column":null}},"19":{"start":{"line":53,"column":19},"end":{"line":53,"column":null}},"20":{"start":{"line":54,"column":19},"end":{"line":56,"column":6}},"21":{"start":{"line":58,"column":4},"end":{"line":58,"column":null}},"22":{"start":{"line":58,"column":31},"end":{"line":58,"column":null}},"23":{"start":{"line":59,"column":4},"end":{"line":59,"column":null}},"24":{"start":{"line":63,"column":19},"end":{"line":63,"column":null}},"25":{"start":{"line":64,"column":19},"end":{"line":66,"column":6}},"26":{"start":{"line":68,"column":4},"end":{"line":68,"column":null}},"27":{"start":{"line":68,"column":31},"end":{"line":68,"column":null}},"28":{"start":{"line":70,"column":4},"end":{"line":70,"column":null}},"29":{"start":{"line":74,"column":19},"end":{"line":74,"column":null}},"30":{"start":{"line":75,"column":4},"end":{"line":78,"column":null}},"31":{"start":{"line":79,"column":4},"end":{"line":79,"column":null}}},"fnMap":{"0":{"name":"(anonymous_0)","decl":{"start":{"line":7,"column":2},"end":{"line":7,"column":14}},"loc":{"start":{"line":7,"column":45},"end":{"line":7,"column":45}},"line":7},"1":{"name":"(anonymous_1)","decl":{"start":{"line":9,"column":8},"end":{"line":9,"column":13}},"loc":{"start":{"line":9,"column":82},"end":{"line":49,"column":null}},"line":9},"2":{"name":"(anonymous_2)","decl":{"start":{"line":52,"column":8},"end":{"line":52,"column":15}},"loc":{"start":{"line":52,"column":83},"end":{"line":59,"column":null}},"line":52},"3":{"name":"(anonymous_3)","decl":{"start":{"line":62,"column":8},"end":{"line":62,"column":15}},"loc":{"start":{"line":62,"column":99},"end":{"line":70,"column":null}},"line":62},"4":{"name":"(anonymous_4)","decl":{"start":{"line":73,"column":8},"end":{"line":73,"column":15}},"loc":{"start":{"line":73,"column":69},"end":{"line":79,"column":null}},"line":73}},"branchMap":{"0":{"loc":{"start":{"line":18,"column":4},"end":{"line":18,"column":null}},"type":"if","locations":[{"start":{"line":18,"column":4},"end":{"line":18,"co
[...]
type":"if","locations":[{"start":{"line":235,"column":4},"end":{"line":235,"column":null}},{"start":{},"end":{}}],"line":235},"19":{"loc":{"start":{"line":236,"column":4},"end":{"line":236,"column":null}},"type":"if","locations":[{"start":{"line":236,"column":4},"end":{"line":236,"column":null}},{"start":{},"end":{}}],"line":236},"20":{"loc":{"start":{"line":253,"column":4},"end":{"line":253,"column":71}},"type":"default-arg","locations":[{"start":{"line":253,"column":69},"end":{"line":253,"column":71}}],"line":253},"21":{"loc":{"start":{"line":256,"column":4},"end":{"line":256,"column":null}},"type":"if","locations":[{"start":{"line":256,"column":4},"end":{"line":256,"column":null}},{"start":{},"end":{}}],"line":256},"22":{"loc":{"start":{"line":257,"column":4},"end":{"line":257,"column":null}},"type":"if","locations":[{"start":{"line":257,"column":4},"end":{"line":257,"column":null}},{"start":{},"end":{}}],"line":257}},"s":{"0":4,"1":4,"2":0,"3":0,"4":0,"5":4,"6":4,"7":4,"8":4,"9":4,"10":1,"11":1,"12":0,"13":0,"14":0,"15":0,"16":0,"17":0,"18":0,"19":0,"20":0,"21":0,"22":0,"23":0,"24":0,"25":0,"26":0,"27":0,"28":0,"29":0,"30":0,"31":0,"32":0,"33":0,"34":0,"35":0,"36":0,"37":0,"38":0,"39":0,"40":0,"41":0,"42":0,"43":0,"44":0,"45":0,"46":0,"47":0,"48":0,"49":0,"50":0,"51":0,"52":0,"53":0,"54":0,"55":0,"56":0,"57":0,"58":0,"59":0,"60":0},"f":{"0":4,"1":0,"2":4,"3":1,"4":0,"5":0,"6":0,"7":0,"8":0,"9":0,"10":0,"11":0,"12":0,"13":0,"14":0},"b":{"0":[0],"1":[4],"2":[1,3],"3":[4,3],"4":[1],"5":[0],"6":[0],"7":[0],"8":[0,0],"9":[0],"10":[0,0],"11":[0,0],"12":[0,0],"13":[0,0],"14":[0],"15":[0,0],"16":[0,0],"17":[0],"18":[0,0],"19":[0,0],"20":[0],"21":[0,0],"22":[0,0]},"meta":{"lastBranch":23,"lastFunction":15,"lastStatement":61,"seen":{"f:9:2:9:14":0,"s:10:4:10:Infinity":0,"s:11:4:11:Infinity":1,"f:23:2:23:Infinity":1,"b:25:57:25:59":0,"s:27:4:27:Infinity":2,"s:28:4:28:Infinity":3,"s:29:4:29:Infinity":4,"f:45:2:45:Infinity":2,"b:52:8:52:10":1,"s:54:4:54:Infinity":5,"s:55:4:55:Infinity":6,"s:56:4:56:Infinity":7,"b:56:42:56:72:56:75:56:Infinity":2,"s:57:4:57:Infinity":8,"s:58:4:58:Infinity":9,"b:58:20:58:37:58:37:58:39":3,"f:67:2:67:Infinity":3,"b:75:8:75:10":4,"s:77:4:77:Infinity":10,"s:78:4:78:Infinity":11,"f:85:2:85:Infinity":4,"b:92:8:92:10":5,"s:94:4:94:Infinity":12,"s:95:4:95:Infinity":13,"f:102:2:102:Infinity":5,"b:109:8:109:10":6,"s:111:4:111:Infinity":14,"s:112:4:112:Infinity":15,"f:125:2:125:14":6,"s:126:4:126:Infinity":16,"s:127:4:127:Infinity":17,"f:140:2:140:14":7,"s:141:4:141:Infinity":18,"s:142:4:142:Infinity":19,"f:150:2:150:14":8,"b:150:71:150:73":7,"s:151:4:158:Infinity":20,"b:152:6:152:Infinity:153:8:157:Infinity":8,"s:159:4:159:Infinity":21,"s:160:4:160:Infinity":22,"f:168:2:168:14":9,"b:168:41:168:44":9,"s:169:4:169:Infinity":23,"b:169:10:169:21:169:21:169:60":10,"s:170:4:170:Infinity":24,"s:171:4:171:Infinity":25,"f:180:2:180:14":10,"s:181:23:181:Infinity":26,"b:181:44:181:78:181:78:181:Infinity":11,"s:182:4:182:Infinity":27,"s:183:4:183:Infinity":28,"s:184:4:184:Infinity":29,"s:185:4:185:Infinity":30,"f:199:2:199:14":11,"s:200:21:200:Infinity":31,"b:200:36:200:57:200:57:200:Infinity":12,"s:201:4:201:Infinity":32,"b:201:13:201:28:201:32:201:43":13,"s:202:4:202:Infinity":33,"s:203:4:203:Infinity":34,"f:212:2:212:14":12,"b:212:85:212:87":14,"s:213:17:215:Infinity":35,"b:214:8:214:Infinity:215:8:215:Infinity":15,"s:216:23:216:Infinity":36,"b:216:37:216:67:216:67:216:Infinity":16,"s:217:4:217:Infinity":37,"s:218:4:218:Infinity":38,"s:219:4:219:Infinity":39,"s:220:4:220:Infinity":40,"f:230:2:230:Infinity":13,"b:232:69:232:71":17,"s:234:14:234:Infinity":41,"b:235:4:235:Infinity:undefined:undefined:undefined:undefined":18,"s:235:4:235:Infinity":42,"s:235:25:235:Infinity":43,"b:236:4:236:Infinity:undefined:undefined:undefined:undefined":19,"s:236:4:236:Infinity":44,"s:236:22:236:Infinity":45,"s:237:4:237:Infinity":46,"s:238:4:238:Infinity":47,"s:239:4:239:Infinity":48,"s:240:4:240:Infinity":49,"s:241:4:241:Infinity":50,"f:251:2:251:Infinity":14,"b:253:69:253:71":20,"s:255:14:255:Infinity":51,"b:256:4:256:Infinity:undefined:undefined:undefined:undefined":21,"s:256:4:256:Infinity":52,"s:256:25:256:Infinity":53,"b:257:4:257:Infinity:undefined:undefined:undefined:undefined":22,"s:257:4:257:Infinity":54,"s:257:22:257:Infinity":55,"s:258:4:258:Infinity":56,"s:259:4:259:Infinity":57,"s:260:4:260:Infinity":58,"s:261:4:261:Infinity":59,"s:262:4:262:Infinity":60}}}
,"/Users/agm/Documents/Github/notebooklm-sdk/src/types/models.ts": {"path":"/Users/agm/Documents/Github/notebooklm-sdk/src/types/models.ts","statementMap":{"0":{"start":{"line":154,"column":19},"end":{"line":154,"column":null}},"1":{"start":{"line":155,"column":16},"end":{"line":155,"column":56}},"2":{"start":{"line":156,"column":13},"end":{"line":156,"column":null}},"3":{"start":{"line":158,"column":31},"end":{"line":158,"column":null}},"4":{"start":{"line":159,"column":2},"end":{"line":162,"column":null}},"5":{"start":{"line":160,"column":4},"end":{"line":162,"column":null}},"6":{"start":{"line":161,"column":6},"end":{"line":161,"column":null}},"7":{"start":{"line":167,"column":18},"end":{"line":167,"column":null}},"8":{"start":{"line":169,"column":2},"end":{"line":169,"column":null}},"9":{"start":{"line":173,"column":16},"end":{"line":173,"column":null}},"10":{"start":{"line":174,"column":16},"end":{"line":174,"column":null}},"11":{"start":{"line":176,"column":27},"end":{"line":176,"column":null}},"12":{"start":{"line":177,"column":2},"end":{"line":178,"column":null}},"13":{"start":{"line":178,"column":4},"end":{"line":178,"column":null}},"14":{"start":{"line":181,"column":31},"end":{"line":181,"column":null}},"15":{"start":{"line":182,"column":2},"end":{"line":189,"column":null}},"16":{"start":{"line":187,"column":4},"end":{"line":189,"column":null}},"17":{"start":{"line":188,"column":6},"end":{"line":188,"column":null}},"18":{"start":{"line":194,"column":19},"end":{"line":194,"column":null}},"19":{"start":{"line":195,"column":2},"end":{"line":196,"column":null}},"20":{"start":{"line":196,"column":4},"end":{"line":196,"column":null}},"21":{"start":{"line":199,"column":32},"end":{"line":199,"column":null}},"22":{"start":{"line":200,"column":2},"end":{"line":201,"column":null}},"23":{"start":{"line":201,"column":4},"end":{"line":201,"column":null}},"24":{"start":{"line":204,"column":2},"end":{"line":212,"column":null}},"25":{"start":{"line":216,"column":13},"end":{"line":216,"column":null}},"26":{"start":{"line":217,"column":16},"end":{"line":217,"column":null}},"27":{"start":{"line":218,"column":19},"end":{"line":218,"column":null}},"28":{"start":{"line":219,"column":18},"end":{"line":219,"column":null}},"29":{"start":{"line":220,"column":21},"end":{"line":220,"column":null}},"30":{"start":{"line":223,"column":32},"end":{"line":223,"column":null}},"31":{"start":{"line":224,"column":2},"end":{"line":225,"column":null}},"32":{"start":{"line":225,"column":4},"end":{"line":225,"column":null}},"33":{"start":{"line":228,"column":2},"end":{"line":238,"column":null}},"34":{"start":{"line":242,"column":13},"end":{"line":242,"column":null}},"35":{"start":{"line":243,"column":18},"end":{"line":243,"column":null}},"36":{"start":{"line":244,"column":16},"end":{"line":244,"column":null}},"37":{"start":{"line":246,"column":31},"end":{"line":246,"column":null}},"38":{"start":{"line":247,"column":31},"end":{"line":247,"column":null}},"39":{"start":{"line":248,"column":2},"end":{"line":251,"column":null}},"40":{"start":{"line":249,"column":4},"end":{"line":251,"column":null}},"41":{"start":{"line":250,"column":6},"end":{"line":250,"column":null}},"42":{"start":{"line":255,"column":2},"end":{"line":258,"column":null}},"43":{"start":{"line":256,"column":4},"end":{"line":258,"column":null}},"44":{"start":{"line":257,"column":6},"end":{"line":257,"column":null}},"45":{"start":{"line":263,"column":2},"end":{"line":263,"column":null}}},"fnMap":{"0":{"name":"parseNotebook","decl":{"start":{"line":153,"column":16},"end":{"line":153,"column":30}},"loc":{"start":{"line":153,"column":53},"end":{"line":169,"column":null}},"line":153},"1":{"name":"parseSource","decl":{"start":{"line":172,"column":16},"end":{"line":172,"column":28}},"loc":{"start":{"line":172,"column":48},"end":{"line":212,"column":null}},"line":172},"2":{"name":"parseArtifact","decl":{"start":{"line":215,"column":16},"end":{"line":215,"column":30}},"loc":{"start":{"line":215,"column":73},"end":{"line":238,"column":null}},"line":215},"3":{"name":"parseNote","decl":{"start":{"line":241,"column":16},"end":{"line":241,"column":26}},"loc":{"start":{"line":241,"column":45},"end":{"line":263,"column":null}},"line":241}},"branchMap":{"0":{"loc":{"start":{"line":154,"column":19},"end":{"line":154,"column":null}},"type":"cond-expr","locations":[{"start":{"line":154,"column":49},"end":{"line":154,"column":59}},{"start":{"line":154,"column":59},"end":{"line":154,"column":null}}],"line":154},"1":{"loc":{"start":{"line":156,"column":13},"end":{"line":156,"column":null}},"type":"cond-expr","locations":[{"start":{"line":156,"column":43},"end":{"line":156,"column":53}},{"start":{"line":156,"column":53},"end":{"line":156,"column":null}}],"line":156},"2":{"loc":{"start":{"line":159,"column":2},"end":{"line":162,"column":null}},"type":"if","locations":[{"start":{"line":159,"column":2},"end":{"line":162,"column":null}},{"start":{},"end":{}}],"line":159},"3":{"loc":{"start":{"line":159,"column":6},"end":{"line":159,"column":84}},"type":"binary-expr","locations":[{"start":{"line":159,"column":6},"end":{"line":159,"column":28}},{"start":{"line":159,"column":32},"end":{"line":159,"column":57}},{"start":{"line":159,"column":61},"end":{"line":159,"column":84}}],"line":159},"4":{"loc":{"start":{"line":167,"column":20},"end":{"line":167,"column":null}},"type":"binary-expr","locations":[{"start":{"line":167,"column":20},"end":{"line":167,"column":42}},{"start":{"line":167,"column":46},"end":{"line":167,"column":null}}],"line":167},"5":{"loc":{"start":{"line":173,"column":16},"end":{"line":173,"column":null}},"type":"cond-expr","locations":[{"start":{"line":173,"column":41},"end":{"line":173,"column":65}},{"start":{"line":173,"column":65},"end":{"line":173,"column":null}}],"line":173},"6":{"loc":{"start":{"line":174,"column":16},"end":{"line":174,"column":null}},"type":"cond-expr","locations":[{"start":{"line":174,"column":45},"end":{"line":174,"column":54}},{"start":{"line":174,"column":54},"end":{"line":174,"column":null}}],"line":174},"7":{"loc":{"start":{"line":177,"column":2},"end":{"line":178,"column":null}},"type":"if","locations":[{"start":{"line":177,"column":2},"end":{"line":178,"column":null}},{"start":{},"end":{}}],"line":177},"8":{"loc":{"start":{"line":177,"column":6},"end":{"line":177,"column":81}},"type":"binary-expr","locations":[{"start":{"line":177,"column":6},"end":{"line":177,"column":27}},{"start":{"line":177,"column":31},"end":{"line":177,"column":55}},{"start":{"line":177,"column":59},"end":{"line":177,"column":81}}],"line":177},"9":{"loc":{"start":{"line":178,"column":10},"end":{"line":178,"column":null}},"type":"cond-expr","locations":[{"start":{"line":178,"column":46},"end":{"line":178,"column":72}},{"start":{"line":178,"column":72},"end":{"line":178,"column":null}}],"line":178},"10":{"loc":{"start":{"line":182,"column":2},"end":{"line":189,"column":null}},"type":"if","locations":[{"start":{"line":182,"column":2},"end":{"line":189,"column":null}},{"start":{},"end":{}}],"line":182},"11":{"loc":{"start":{"line":183,"column":4},"end":{"line":185,"column":null}},"type":"binary-expr","locations":[{"start":{"line":183,"column":4},"end":{"line":183,"column":25}},{"start":{"line":184,"column":4},"end":{"line":184,"column":28}},{"start":{"line":185,"column":4},"end":{"line":185,"column":null}}],"line":183},"12":{"loc":{"start":{"line":195,"column":2},"end":{"line":196,"column":null}},"type":"if","locations":[{"start":{"line":195,"column":2},"end":{"line":196,"column":null}},{"start":{},"end":{}}],"line":195},"13":{"loc":{"start":{"line":195,"column":6},"end":{"line":195,"column":62}},"type":"binary-expr","locations":[{"start":{"line":195,"column":6},"end":{"line":195,"column":27}},{"start":{"line":195,"column":31},"end":{"line":195,"column":62}}],"line":195},"14":{"loc":{"start":{"line":200,"column":2},"end":{"line":201,"column":null}},"type":"if","locations":[{"start":{"line":200,"column":2},"end":{"line":201,"column":null}},{"start":{},"end":{}}],"line":200},"15":{"loc":{"start":{"line":200,"column":6},"end":{"line":200,"column":62}},"type":"binary-expr","locations":[{"start":{"line":200,"column":6},"end":{"line":200,"column":27}},{"start":{"line":200,"column":31},"end":{"line":200,"column":62}}],"line":200},"16":{"loc":{"start":{"line":216,"column":13},"end":{"line":216,"column":null}},"type":"cond-expr","locations":[{"start":{"line":216,"column":43},"end":{"line":216,"column":53}},{"start":{"line":216,"column":53},"end":{"line":216,"column":null}}],"line":216},"17":{"loc":{"start":{"line":217,"column":16},"end":{"line":217,"column":null}},"type":"cond-expr","locations":[{"start":{"line":217,"column":46},"end":{"line":217,"column":56}},{"start":{"line":217,"column":56},"end":{"line":217,"column":null}}],"line":217},"18":{"loc":{"start":{"line":218,"column":19},"end":{"line":218,"column":null}},"type":"cond-expr","locations":[{"start":{"line":218,"column":50},"end":{"line":218,"column":71}},{"start":{"line":218,"column":71},"end":{"line":218,"column":null}}],"line":218},"19":{"loc":{"start":{"line":219,"column":18},"end":{"line":219,"column":null}},"type":"cond-expr","locations":[{"start":{"line":219,"column":49},"end":{"line":219,"column":70}},{"start":{"line":219,"column":70},"end":{"line":219,"column":null}}],"line":219},"20":{"loc":{"start":{"line":220,"column":21},"end":{"line":220,"column":null}},"type":"cond-expr","locations":[{"start":{"line":220,"column":52},"end":{"line":220,"column":73}},{"start":{"line":220,"column":73},"end":{"line":220,"column":null}}],"line":220},"21":{"loc":{"start":{"line":224,"column":2},"end":{"line":225,"column":null}},"type":"if","locations":[{"start":{"line":224,"column":2},"end":{"line":225,"column":null}},{"start":{},"end":{}}],"line":224},"22":{"loc":{"start":{"line":224,"column":6},"end":{"line":224,"column":64}},"type":"binary-expr","locations":[{"start":{"line":224,"column":6},"end":{"line":224,"column":28}},{"start":{"line":224,"column":32},"end":{"line":224,"column":64}}],"line":224},"23":{"loc":{"start":{"line":237,"column":10},"end":{"line":237,"column":null}},"type":"cond-expr","locations":[{"start":{"line":237,"column":32},"end":{"line":237,"column":39}},{"start":{"line":237,"column":39},"end":{"line":237,"column":null}}],"line":237},"24":{"loc":{"start":{"line":242,"column":13},"end":{"line":242,"column":null}},"type":"cond-expr","locations":[{"start":{"line":242,"column":43},"end":{"line":242,"column":53}},{"start":{"line":242,"column":53},"end":{"line":242,"column":null}}],"line":242},"25":{"loc":{"start":{"line":243,"column":18},"end":{"line":243,"column":null}},"type":"cond-expr","locations":[{"start":{"line":243,"column":48},"end":{"line":243,"column":58}},{"start":{"line":243,"column":58},"end":{"line":243,"column":null}}],"line":243},"26":{"loc":{"start":{"line":244,"column":16},"end":{"line":244,"column":null}},"type":"cond-expr","locations":[{"start":{"line":244,"column":46},"end":{"line":244,"column":56}},{"start":{"line":244,"column":56},"end":{"line":244,"column":null}}],"line":244},"27":{"loc":{"start":{"line":248,"column":2},"end":{"line":251,"column":null}},"type":"if","locations":[{"start":{"line":248,"column":2},"end":{"line":251,"column":null}},{"start":{},"end":{}}],"line":248},"28":{"loc":{"start":{"line":248,"column":6},"end":{"line":248,"column":64}},"type":"binary-expr","locations":[{"start":{"line":248,"column":6},"end":{"line":248,"column":28}},{"start":{"line":248,"column":32},"end":{"line":248,"column":64}}],"line":248},"29":{"loc":{"start":{"line":255,"column":2},"end":{"line":258,"column":null}},"type":"if","locations":[{"start":{"line":255,"column":2},"end":{"line":258,"column":null}},{"start":{},"end":{}}],"line":255},"30":{"loc":{"start":{"line":255,"column":6},"end":{"line":255,"column":64}},"type":"binary-expr","locations":[{"start":{"line":255,"column":6},"end":{"line":255,"column":28}},{"start":{"line":255,"column":32},"end":{"line":255,"column":64}}],"line":255}},"s":{"0":15,"1":15,"2":15,"3":15,"4":15,"5":14,"6":14,"7":15,"8":15,"9":24,"10":24,"11":24,"12":24,"13":24,"14":24,"15":24,"16":24,"17":24,"18":24,"19":24,"20":24,"21":24,"22":24,"23":24,"24":24,"25":7,"26":7,"27":7,"28":7,"29":7,"30":7,"31":7,"32":3,"33":7,"34":0,"35":0,"36":0,"37":0,"38":0,"39":0,"40":0,"41":0,"42":0,"43":0,"44":0,"45":0},"f":{"0":15,"1":24,"2":7,"3":0},"b":{"0":[15,0],"1":[15,0],"2":[14,1],"3":[15,15,14],"4":[15,15],"5":[24,0],"6":[24,0],"7":[24,0],"8":[24,24,24],"9":[24,0],"10":[24,0],"11":[24,24,24],"12":[24,0],"13":[24,24],"14":[24,0],"15":[24,24],"16":[4,3],"17":[4,3],"18":[4,3],"19":[0,7],"20":[4,3],"21":[3,4],"22":[7,3],"23":[7,0],"24":[0,0],"25":[0,0],"26":[0,0],"27":[0,0],"28":[0,0],"29":[0,0],"30":[0,0]},"meta":{"lastBranch":31,"lastFunction":4,"lastStatement":46,"seen":{"f:153:16:153:30":0,"s:154:19:154:Infinity":0,"b:154:49:154:59:154:59:154:Infinity":0,"s:155:16:155:56":1,"s:156:13:156:Infinity":2,"b:156:43:156:53:156:53:156:Infinity":1,"s:158:31:158:Infinity":3,"b:159:2:162:Infinity:undefined:undefined:undefined:undefined":2,"s:159:2:162:Infinity":4,"b:159:6:159:28:159:32:159:57:159:61:159:84":3,"s:160:4:162:Infinity":5,"s:161:6:161:Infinity":6,"s:167:18:167:Infinity":7,"b:167:20:167:42:167:46:167:Infinity":4,"s:169:2:169:Infinity":8,"f:172:16:172:28":1,"s:173:16:173:Infinity":9,"b:173:41:173:65:173:65:173:Infinity":5,"s:174:16:174:Infinity":10,"b:174:45:174:54:174:54:174:Infinity":6,"s:176:27:176:Infinity":11,"b:177:2:178:Infinity:undefined:undefined:undefined:undefined":7,"s:177:2:178:Infinity":12,"b:177:6:177:27:177:31:177:55:177:59:177:81":8,"s:178:4:178:Infinity":13,"b:178:46:178:72:178:72:178:Infinity":9,"s:181:31:181:Infinity":14,"b:182:2:189:Infinity:undefined:undefined:undefined:undefined":10,"s:182:2:189:Infinity":15,"b:183:4:183:25:184:4:184:28:185:4:185:Infinity":11,"s:187:4:189:Infinity":16,"s:188:6:188:Infinity":17,"s:194:19:194:Infinity":18,"b:195:2:196:Infinity:undefined:undefined:undefined:undefined":12,"s:195:2:196:Infinity":19,"b:195:6:195:27:195:31:195:62":13,"s:196:4:196:Infinity":20,"s:199:32:199:Infinity":21,"b:200:2:201:Infinity:undefined:undefined:undefined:undefined":14,"s:200:2:201:Infinity":22,"b:200:6:200:27:200:31:200:62":15,"s:201:4:201:Infinity":23,"s:204:2:212:Infinity":24,"f:215:16:215:30":2,"s:216:13:216:Infinity":25,"b:216:43:216:53:216:53:216:Infinity":16,"s:217:16:217:Infinity":26,"b:217:46:217:56:217:56:217:Infinity":17,"s:218:19:218:Infinity":27,"b:218:50:218:71:218:71:218:Infinity":18,"s:219:18:219:Infinity":28,"b:219:49:219:70:219:70:219:Infinity":19,"s:220:21:220:Infinity":29,"b:220:52:220:73:220:73:220:Infinity":20,"s:223:32:223:Infinity":30,"b:224:2:225:Infinity:undefined:undefined:undefined:undefined":21,"s:224:2:225:Infinity":31,"b:224:6:224:28:224:32:224:64":22,"s:225:4:225:Infinity":32,"s:228:2:238:Infinity":33,"b:237:32:237:39:237:39:237:Infinity":23,"f:241:16:241:26":3,"s:242:13:242:Infinity":34,"b:242:43:242:53:242:53:242:Infinity":24,"s:243:18:243:Infinity":35,"b:243:48:243:58:243:58:243:Infinity":25,"s:244:16:244:Infinity":36,"b:244:46:244:56:244:56:244:Infinity":26,"s:246:31:246:Infinity":37,"s:247:31:247:Infinity":38,"b:248:2:251:Infinity:undefined:undefined:undefined:undefined":27,"s:248:2:251:Infinity":39,"b:248:6:248:28:248:32:248:64":28,"s:249:4:251:Infinity":40,"s:250:6:250:Infinity":41,"b:255:2:258:Infinity:undefined:undefined:undefined:undefined":29,"s:255:2:258:Infinity":42,"b:255:6:255:28:255:32:255:64":30,"s:256:4:258:Infinity":43,"s:257:6:257:Infinity":44,"s:263:2:263:Infinity":45}}}
}
